2022-08-28 16:18:18	[35mDEBUG[0m	mysql@v1.3.4/migrator.go:235	Database Query	{"sql": "SELECT DATABASE()", "time": "1.104ms", "rows": -1}
2022-08-28 16:18:18	[35mDEBUG[0m	mysql@v1.3.4/migrator.go:238	Database Query	{"sql": "SELECT SCHEMA_NAME from Information_schema.SCHEMATA where SCHEMA_NAME LIKE 'gohub%' ORDER BY SCHEMA_NAME='gohub' DESC limit 1", "time": "16.827ms", "rows": 1}
2022-08-28 16:18:18	[35mDEBUG[0m	bootstrap/database.go:52	Database Query	{"sql": "SELECT count(*) FROM information_schema.tables WHERE table_schema = 'gohub' AND table_name = 'users' AND table_type = 'BASE TABLE'", "time": "4.134ms", "rows": -1}
2022-08-28 16:18:18	[35mDEBUG[0m	mysql@v1.3.4/migrator.go:235	Database Query	{"sql": "SELECT DATABASE()", "time": "0.116ms", "rows": -1}
2022-08-28 16:18:18	[35mDEBUG[0m	mysql@v1.3.4/migrator.go:238	Database Query	{"sql": "SELECT SCHEMA_NAME from Information_schema.SCHEMATA where SCHEMA_NAME LIKE 'gohub%' ORDER BY SCHEMA_NAME='gohub' DESC limit 1", "time": "0.521ms", "rows": 1}
2022-08-28 16:18:18	[35mDEBUG[0m	mysql@v1.3.4/migrator.go:148	Database Query	{"sql": "SELECT * FROM `users` LIMIT 1", "time": "0.777ms", "rows": -1}
2022-08-28 16:18:18	[35mDEBUG[0m	mysql@v1.3.4/migrator.go:166	Database Query	{"sql": "SELECT column_name, column_default, is_nullable = 'YES', data_type, character_maximum_length, column_type, column_key, extra, column_comment, numeric_precision, numeric_scale , datetime_precision FROM information_schema.columns WHERE table_schema = 'gohub' AND table_name = 'users' ORDER BY ORDINAL_POSITION", "time": "9.361ms", "rows": -1}
2022-08-28 16:18:18	[35mDEBUG[0m	mysql@v1.3.4/migrator.go:235	Database Query	{"sql": "SELECT DATABASE()", "time": "0.103ms", "rows": -1}
2022-08-28 16:18:18	[35mDEBUG[0m	mysql@v1.3.4/migrator.go:238	Database Query	{"sql": "SELECT SCHEMA_NAME from Information_schema.SCHEMATA where SCHEMA_NAME LIKE 'gohub%' ORDER BY SCHEMA_NAME='gohub' DESC limit 1", "time": "0.468ms", "rows": 1}
2022-08-28 16:18:18	[35mDEBUG[0m	bootstrap/database.go:52	Database Query	{"sql": "SELECT count(*) FROM information_schema.statistics WHERE table_schema = 'gohub' AND table_name = 'users' AND index_name = 'idx_users_created_at'", "time": "2.152ms", "rows": -1}
2022-08-28 16:18:18	[35mDEBUG[0m	mysql@v1.3.4/migrator.go:235	Database Query	{"sql": "SELECT DATABASE()", "time": "0.170ms", "rows": -1}
2022-08-28 16:18:18	[35mDEBUG[0m	mysql@v1.3.4/migrator.go:238	Database Query	{"sql": "SELECT SCHEMA_NAME from Information_schema.SCHEMATA where SCHEMA_NAME LIKE 'gohub%' ORDER BY SCHEMA_NAME='gohub' DESC limit 1", "time": "0.432ms", "rows": 1}
2022-08-28 16:18:18	[35mDEBUG[0m	bootstrap/database.go:52	Database Query	{"sql": "SELECT count(*) FROM information_schema.statistics WHERE table_schema = 'gohub' AND table_name = 'users' AND index_name = 'idx_users_updated_at'", "time": "0.863ms", "rows": -1}
2022-08-28 16:30:16	[35mDEBUG[0m	mysql@v1.3.4/migrator.go:235	Database Query	{"sql": "SELECT DATABASE()", "time": "1.008ms", "rows": -1}
2022-08-28 16:30:16	[35mDEBUG[0m	mysql@v1.3.4/migrator.go:238	Database Query	{"sql": "SELECT SCHEMA_NAME from Information_schema.SCHEMATA where SCHEMA_NAME LIKE 'gohub%' ORDER BY SCHEMA_NAME='gohub' DESC limit 1", "time": "13.078ms", "rows": 1}
2022-08-28 16:30:16	[35mDEBUG[0m	bootstrap/database.go:52	Database Query	{"sql": "SELECT count(*) FROM information_schema.tables WHERE table_schema = 'gohub' AND table_name = 'users' AND table_type = 'BASE TABLE'", "time": "4.736ms", "rows": -1}
2022-08-28 16:30:16	[35mDEBUG[0m	mysql@v1.3.4/migrator.go:235	Database Query	{"sql": "SELECT DATABASE()", "time": "0.210ms", "rows": -1}
2022-08-28 16:30:16	[35mDEBUG[0m	mysql@v1.3.4/migrator.go:238	Database Query	{"sql": "SELECT SCHEMA_NAME from Information_schema.SCHEMATA where SCHEMA_NAME LIKE 'gohub%' ORDER BY SCHEMA_NAME='gohub' DESC limit 1", "time": "0.960ms", "rows": 1}
2022-08-28 16:30:16	[35mDEBUG[0m	mysql@v1.3.4/migrator.go:148	Database Query	{"sql": "SELECT * FROM `users` LIMIT 1", "time": "10.982ms", "rows": -1}
2022-08-28 16:30:16	[35mDEBUG[0m	mysql@v1.3.4/migrator.go:166	Database Query	{"sql": "SELECT column_name, column_default, is_nullable = 'YES', data_type, character_maximum_length, column_type, column_key, extra, column_comment, numeric_precision, numeric_scale , datetime_precision FROM information_schema.columns WHERE table_schema = 'gohub' AND table_name = 'users' ORDER BY ORDINAL_POSITION", "time": "2.740ms", "rows": -1}
2022-08-28 16:30:16	[35mDEBUG[0m	mysql@v1.3.4/migrator.go:235	Database Query	{"sql": "SELECT DATABASE()", "time": "0.160ms", "rows": -1}
2022-08-28 16:30:16	[35mDEBUG[0m	mysql@v1.3.4/migrator.go:238	Database Query	{"sql": "SELECT SCHEMA_NAME from Information_schema.SCHEMATA where SCHEMA_NAME LIKE 'gohub%' ORDER BY SCHEMA_NAME='gohub' DESC limit 1", "time": "0.646ms", "rows": 1}
2022-08-28 16:30:16	[35mDEBUG[0m	bootstrap/database.go:52	Database Query	{"sql": "SELECT count(*) FROM information_schema.statistics WHERE table_schema = 'gohub' AND table_name = 'users' AND index_name = 'idx_users_created_at'", "time": "2.411ms", "rows": -1}
2022-08-28 16:30:16	[35mDEBUG[0m	mysql@v1.3.4/migrator.go:235	Database Query	{"sql": "SELECT DATABASE()", "time": "0.123ms", "rows": -1}
2022-08-28 16:30:16	[35mDEBUG[0m	mysql@v1.3.4/migrator.go:238	Database Query	{"sql": "SELECT SCHEMA_NAME from Information_schema.SCHEMATA where SCHEMA_NAME LIKE 'gohub%' ORDER BY SCHEMA_NAME='gohub' DESC limit 1", "time": "0.490ms", "rows": 1}
2022-08-28 16:30:16	[35mDEBUG[0m	bootstrap/database.go:52	Database Query	{"sql": "SELECT count(*) FROM information_schema.statistics WHERE table_schema = 'gohub' AND table_name = 'users' AND index_name = 'idx_users_updated_at'", "time": "1.115ms", "rows": -1}
2022-08-28 16:30:25	[35mDEBUG[0m	verifycode/verifycode.go:71	验证码	{"检查验证码": "{\"summer@testing.com\":\"123456\"}"}
2022-08-28 16:30:25	[35mDEBUG[0m	user/user_util.go:25	Database Query	{"sql": "SELECT * FROM `users` WHERE phone = 'summer@testing.com' OR email = 'summer@testing.com' OR name = 'summer@testing.com' ORDER BY `users`.`id` LIMIT 1", "time": "2.195ms", "rows": 1}
2022-08-28 16:30:26	[33mWARN[0m	user/user_model.go:28	Database Slow Log	{"sql": "UPDATE `users` SET `name`='leo',`email`='summer@testing.com',`phone`='',`password`='$2a$14$X/F1kfVFuAHuwx6EooW7z..ZtaT9I.3brngt7DQJrz7aBwNtKmLSC',`created_at`='2022-08-14 19:59:11.584',`updated_at`='2022-08-28 16:30:26.916' WHERE `id` = 3", "time": "1232.498ms", "rows": 1}
2022-08-28 16:30:26	[35mDEBUG[0m	user/user_model.go:28	Database Query	{"sql": "UPDATE `users` SET `name`='leo',`email`='summer@testing.com',`phone`='',`password`='$2a$14$X/F1kfVFuAHuwx6EooW7z..ZtaT9I.3brngt7DQJrz7aBwNtKmLSC',`created_at`='2022-08-14 19:59:11.584',`updated_at`='2022-08-28 16:30:26.916' WHERE `id` = 3", "time": "1232.498ms", "rows": 1}
2022-08-28 16:30:26	[35mDEBUG[0m	middlewares/logger.go:73	HTTP Access Log	{"status": 200, "request": "POST /v1/auth/password-reset/using-email", "query": "", "ip": "::1", "user-agent": "PostmanRuntime/7.29.2", "errors": "", "time": "1259.718ms", "Request Body": "{\n    \"email\":\"summer@testing.com\",\n    \"verify_code\":\"123456\",\n    \"password\":\"123456\"\n}", "Response Body": "{\"message\":\"操作成功\",\"success\":true}"}
2022-08-28 17:49:58	[35mDEBUG[0m	mysql@v1.3.4/migrator.go:235	Database Query	{"sql": "SELECT DATABASE()", "time": "1.221ms", "rows": -1}
2022-08-28 17:49:58	[35mDEBUG[0m	mysql@v1.3.4/migrator.go:238	Database Query	{"sql": "SELECT SCHEMA_NAME from Information_schema.SCHEMATA where SCHEMA_NAME LIKE 'gohub%' ORDER BY SCHEMA_NAME='gohub' DESC limit 1", "time": "24.930ms", "rows": 1}
2022-08-28 17:49:58	[35mDEBUG[0m	bootstrap/database.go:52	Database Query	{"sql": "SELECT count(*) FROM information_schema.tables WHERE table_schema = 'gohub' AND table_name = 'users' AND table_type = 'BASE TABLE'", "time": "3.025ms", "rows": -1}
2022-08-28 17:49:58	[35mDEBUG[0m	mysql@v1.3.4/migrator.go:235	Database Query	{"sql": "SELECT DATABASE()", "time": "0.111ms", "rows": -1}
2022-08-28 17:49:58	[35mDEBUG[0m	mysql@v1.3.4/migrator.go:238	Database Query	{"sql": "SELECT SCHEMA_NAME from Information_schema.SCHEMATA where SCHEMA_NAME LIKE 'gohub%' ORDER BY SCHEMA_NAME='gohub' DESC limit 1", "time": "0.544ms", "rows": 1}
2022-08-28 17:49:58	[35mDEBUG[0m	mysql@v1.3.4/migrator.go:148	Database Query	{"sql": "SELECT * FROM `users` LIMIT 1", "time": "0.947ms", "rows": -1}
2022-08-28 17:49:58	[35mDEBUG[0m	mysql@v1.3.4/migrator.go:166	Database Query	{"sql": "SELECT column_name, column_default, is_nullable = 'YES', data_type, character_maximum_length, column_type, column_key, extra, column_comment, numeric_precision, numeric_scale , datetime_precision FROM information_schema.columns WHERE table_schema = 'gohub' AND table_name = 'users' ORDER BY ORDINAL_POSITION", "time": "2.480ms", "rows": -1}
2022-08-28 17:49:58	[35mDEBUG[0m	mysql@v1.3.4/migrator.go:235	Database Query	{"sql": "SELECT DATABASE()", "time": "0.145ms", "rows": -1}
2022-08-28 17:49:58	[35mDEBUG[0m	mysql@v1.3.4/migrator.go:238	Database Query	{"sql": "SELECT SCHEMA_NAME from Information_schema.SCHEMATA where SCHEMA_NAME LIKE 'gohub%' ORDER BY SCHEMA_NAME='gohub' DESC limit 1", "time": "0.540ms", "rows": 1}
2022-08-28 17:49:58	[35mDEBUG[0m	bootstrap/database.go:52	Database Query	{"sql": "SELECT count(*) FROM information_schema.statistics WHERE table_schema = 'gohub' AND table_name = 'users' AND index_name = 'idx_users_created_at'", "time": "1.172ms", "rows": -1}
2022-08-28 17:49:58	[35mDEBUG[0m	mysql@v1.3.4/migrator.go:235	Database Query	{"sql": "SELECT DATABASE()", "time": "0.106ms", "rows": -1}
2022-08-28 17:49:58	[35mDEBUG[0m	mysql@v1.3.4/migrator.go:238	Database Query	{"sql": "SELECT SCHEMA_NAME from Information_schema.SCHEMATA where SCHEMA_NAME LIKE 'gohub%' ORDER BY SCHEMA_NAME='gohub' DESC limit 1", "time": "0.358ms", "rows": 1}
2022-08-28 17:49:58	[35mDEBUG[0m	bootstrap/database.go:52	Database Query	{"sql": "SELECT count(*) FROM information_schema.statistics WHERE table_schema = 'gohub' AND table_name = 'users' AND index_name = 'idx_users_updated_at'", "time": "0.739ms", "rows": -1}
2022-08-28 18:00:15	[35mDEBUG[0m	mysql@v1.3.4/migrator.go:235	Database Query	{"sql": "SELECT DATABASE()", "time": "0.432ms", "rows": -1}
2022-08-28 18:00:15	[35mDEBUG[0m	mysql@v1.3.4/migrator.go:238	Database Query	{"sql": "SELECT SCHEMA_NAME from Information_schema.SCHEMATA where SCHEMA_NAME LIKE 'gohub%' ORDER BY SCHEMA_NAME='gohub' DESC limit 1", "time": "3.485ms", "rows": 1}
2022-08-28 18:00:15	[35mDEBUG[0m	bootstrap/database.go:52	Database Query	{"sql": "SELECT count(*) FROM information_schema.tables WHERE table_schema = 'gohub' AND table_name = 'users' AND table_type = 'BASE TABLE'", "time": "1.785ms", "rows": -1}
2022-08-28 18:00:15	[35mDEBUG[0m	mysql@v1.3.4/migrator.go:235	Database Query	{"sql": "SELECT DATABASE()", "time": "0.139ms", "rows": -1}
2022-08-28 18:00:15	[35mDEBUG[0m	mysql@v1.3.4/migrator.go:238	Database Query	{"sql": "SELECT SCHEMA_NAME from Information_schema.SCHEMATA where SCHEMA_NAME LIKE 'gohub%' ORDER BY SCHEMA_NAME='gohub' DESC limit 1", "time": "0.652ms", "rows": 1}
2022-08-28 18:00:15	[35mDEBUG[0m	mysql@v1.3.4/migrator.go:148	Database Query	{"sql": "SELECT * FROM `users` LIMIT 1", "time": "0.649ms", "rows": -1}
2022-08-28 18:00:15	[35mDEBUG[0m	mysql@v1.3.4/migrator.go:166	Database Query	{"sql": "SELECT column_name, column_default, is_nullable = 'YES', data_type, character_maximum_length, column_type, column_key, extra, column_comment, numeric_precision, numeric_scale , datetime_precision FROM information_schema.columns WHERE table_schema = 'gohub' AND table_name = 'users' ORDER BY ORDINAL_POSITION", "time": "1.844ms", "rows": -1}
2022-08-28 18:00:15	[35mDEBUG[0m	mysql@v1.3.4/migrator.go:235	Database Query	{"sql": "SELECT DATABASE()", "time": "0.154ms", "rows": -1}
2022-08-28 18:00:15	[35mDEBUG[0m	mysql@v1.3.4/migrator.go:238	Database Query	{"sql": "SELECT SCHEMA_NAME from Information_schema.SCHEMATA where SCHEMA_NAME LIKE 'gohub%' ORDER BY SCHEMA_NAME='gohub' DESC limit 1", "time": "0.741ms", "rows": 1}
2022-08-28 18:00:15	[35mDEBUG[0m	bootstrap/database.go:52	Database Query	{"sql": "SELECT count(*) FROM information_schema.statistics WHERE table_schema = 'gohub' AND table_name = 'users' AND index_name = 'idx_users_created_at'", "time": "1.611ms", "rows": -1}
2022-08-28 18:00:15	[35mDEBUG[0m	mysql@v1.3.4/migrator.go:235	Database Query	{"sql": "SELECT DATABASE()", "time": "0.212ms", "rows": -1}
2022-08-28 18:00:15	[35mDEBUG[0m	mysql@v1.3.4/migrator.go:238	Database Query	{"sql": "SELECT SCHEMA_NAME from Information_schema.SCHEMATA where SCHEMA_NAME LIKE 'gohub%' ORDER BY SCHEMA_NAME='gohub' DESC limit 1", "time": "0.407ms", "rows": 1}
2022-08-28 18:00:15	[35mDEBUG[0m	bootstrap/database.go:52	Database Query	{"sql": "SELECT count(*) FROM information_schema.statistics WHERE table_schema = 'gohub' AND table_name = 'users' AND index_name = 'idx_users_updated_at'", "time": "0.667ms", "rows": -1}
2022-08-28 18:00:57	[35mDEBUG[0m	mysql@v1.3.4/migrator.go:235	Database Query	{"sql": "SELECT DATABASE()", "time": "0.397ms", "rows": -1}
2022-08-28 18:00:57	[35mDEBUG[0m	mysql@v1.3.4/migrator.go:238	Database Query	{"sql": "SELECT SCHEMA_NAME from Information_schema.SCHEMATA where SCHEMA_NAME LIKE 'gohub%' ORDER BY SCHEMA_NAME='gohub' DESC limit 1", "time": "3.195ms", "rows": 1}
2022-08-28 18:00:57	[35mDEBUG[0m	bootstrap/database.go:52	Database Query	{"sql": "SELECT count(*) FROM information_schema.tables WHERE table_schema = 'gohub' AND table_name = 'users' AND table_type = 'BASE TABLE'", "time": "1.982ms", "rows": -1}
2022-08-28 18:00:57	[35mDEBUG[0m	mysql@v1.3.4/migrator.go:235	Database Query	{"sql": "SELECT DATABASE()", "time": "0.127ms", "rows": -1}
2022-08-28 18:00:57	[35mDEBUG[0m	mysql@v1.3.4/migrator.go:238	Database Query	{"sql": "SELECT SCHEMA_NAME from Information_schema.SCHEMATA where SCHEMA_NAME LIKE 'gohub%' ORDER BY SCHEMA_NAME='gohub' DESC limit 1", "time": "0.453ms", "rows": 1}
2022-08-28 18:00:57	[35mDEBUG[0m	mysql@v1.3.4/migrator.go:148	Database Query	{"sql": "SELECT * FROM `users` LIMIT 1", "time": "0.648ms", "rows": -1}
2022-08-28 18:00:57	[35mDEBUG[0m	mysql@v1.3.4/migrator.go:166	Database Query	{"sql": "SELECT column_name, column_default, is_nullable = 'YES', data_type, character_maximum_length, column_type, column_key, extra, column_comment, numeric_precision, numeric_scale , datetime_precision FROM information_schema.columns WHERE table_schema = 'gohub' AND table_name = 'users' ORDER BY ORDINAL_POSITION", "time": "1.118ms", "rows": -1}
2022-08-28 18:00:57	[35mDEBUG[0m	mysql@v1.3.4/migrator.go:235	Database Query	{"sql": "SELECT DATABASE()", "time": "0.134ms", "rows": -1}
2022-08-28 18:00:57	[35mDEBUG[0m	mysql@v1.3.4/migrator.go:238	Database Query	{"sql": "SELECT SCHEMA_NAME from Information_schema.SCHEMATA where SCHEMA_NAME LIKE 'gohub%' ORDER BY SCHEMA_NAME='gohub' DESC limit 1", "time": "0.556ms", "rows": 1}
2022-08-28 18:00:57	[35mDEBUG[0m	bootstrap/database.go:52	Database Query	{"sql": "SELECT count(*) FROM information_schema.statistics WHERE table_schema = 'gohub' AND table_name = 'users' AND index_name = 'idx_users_created_at'", "time": "0.954ms", "rows": -1}
2022-08-28 18:00:57	[35mDEBUG[0m	mysql@v1.3.4/migrator.go:235	Database Query	{"sql": "SELECT DATABASE()", "time": "0.122ms", "rows": -1}
2022-08-28 18:00:57	[35mDEBUG[0m	mysql@v1.3.4/migrator.go:238	Database Query	{"sql": "SELECT SCHEMA_NAME from Information_schema.SCHEMATA where SCHEMA_NAME LIKE 'gohub%' ORDER BY SCHEMA_NAME='gohub' DESC limit 1", "time": "0.555ms", "rows": 1}
2022-08-28 18:00:57	[35mDEBUG[0m	bootstrap/database.go:52	Database Query	{"sql": "SELECT count(*) FROM information_schema.statistics WHERE table_schema = 'gohub' AND table_name = 'users' AND index_name = 'idx_users_updated_at'", "time": "0.801ms", "rows": -1}
2022-08-28 18:01:24	[35mDEBUG[0m	mysql@v1.3.4/migrator.go:235	Database Query	{"sql": "SELECT DATABASE()", "time": "0.392ms", "rows": -1}
2022-08-28 18:01:24	[35mDEBUG[0m	mysql@v1.3.4/migrator.go:238	Database Query	{"sql": "SELECT SCHEMA_NAME from Information_schema.SCHEMATA where SCHEMA_NAME LIKE 'gohub%' ORDER BY SCHEMA_NAME='gohub' DESC limit 1", "time": "3.216ms", "rows": 1}
2022-08-28 18:01:24	[35mDEBUG[0m	bootstrap/database.go:52	Database Query	{"sql": "SELECT count(*) FROM information_schema.tables WHERE table_schema = 'gohub' AND table_name = 'users' AND table_type = 'BASE TABLE'", "time": "1.499ms", "rows": -1}
2022-08-28 18:01:24	[35mDEBUG[0m	mysql@v1.3.4/migrator.go:235	Database Query	{"sql": "SELECT DATABASE()", "time": "0.139ms", "rows": -1}
2022-08-28 18:01:24	[35mDEBUG[0m	mysql@v1.3.4/migrator.go:238	Database Query	{"sql": "SELECT SCHEMA_NAME from Information_schema.SCHEMATA where SCHEMA_NAME LIKE 'gohub%' ORDER BY SCHEMA_NAME='gohub' DESC limit 1", "time": "0.468ms", "rows": 1}
2022-08-28 18:01:24	[35mDEBUG[0m	mysql@v1.3.4/migrator.go:148	Database Query	{"sql": "SELECT * FROM `users` LIMIT 1", "time": "0.608ms", "rows": -1}
2022-08-28 18:01:24	[35mDEBUG[0m	mysql@v1.3.4/migrator.go:166	Database Query	{"sql": "SELECT column_name, column_default, is_nullable = 'YES', data_type, character_maximum_length, column_type, column_key, extra, column_comment, numeric_precision, numeric_scale , datetime_precision FROM information_schema.columns WHERE table_schema = 'gohub' AND table_name = 'users' ORDER BY ORDINAL_POSITION", "time": "1.086ms", "rows": -1}
2022-08-28 18:01:24	[35mDEBUG[0m	mysql@v1.3.4/migrator.go:235	Database Query	{"sql": "SELECT DATABASE()", "time": "0.105ms", "rows": -1}
2022-08-28 18:01:24	[35mDEBUG[0m	mysql@v1.3.4/migrator.go:238	Database Query	{"sql": "SELECT SCHEMA_NAME from Information_schema.SCHEMATA where SCHEMA_NAME LIKE 'gohub%' ORDER BY SCHEMA_NAME='gohub' DESC limit 1", "time": "0.492ms", "rows": 1}
2022-08-28 18:01:24	[35mDEBUG[0m	bootstrap/database.go:52	Database Query	{"sql": "SELECT count(*) FROM information_schema.statistics WHERE table_schema = 'gohub' AND table_name = 'users' AND index_name = 'idx_users_created_at'", "time": "0.846ms", "rows": -1}
2022-08-28 18:01:24	[35mDEBUG[0m	mysql@v1.3.4/migrator.go:235	Database Query	{"sql": "SELECT DATABASE()", "time": "0.111ms", "rows": -1}
2022-08-28 18:01:24	[35mDEBUG[0m	mysql@v1.3.4/migrator.go:238	Database Query	{"sql": "SELECT SCHEMA_NAME from Information_schema.SCHEMATA where SCHEMA_NAME LIKE 'gohub%' ORDER BY SCHEMA_NAME='gohub' DESC limit 1", "time": "0.401ms", "rows": 1}
2022-08-28 18:01:24	[35mDEBUG[0m	bootstrap/database.go:52	Database Query	{"sql": "SELECT count(*) FROM information_schema.statistics WHERE table_schema = 'gohub' AND table_name = 'users' AND index_name = 'idx_users_updated_at'", "time": "0.659ms", "rows": -1}
2022-08-28 18:01:35	[35mDEBUG[0m	mysql@v1.3.4/migrator.go:235	Database Query	{"sql": "SELECT DATABASE()", "time": "0.434ms", "rows": -1}
2022-08-28 18:01:35	[35mDEBUG[0m	mysql@v1.3.4/migrator.go:238	Database Query	{"sql": "SELECT SCHEMA_NAME from Information_schema.SCHEMATA where SCHEMA_NAME LIKE 'gohub%' ORDER BY SCHEMA_NAME='gohub' DESC limit 1", "time": "3.045ms", "rows": 1}
2022-08-28 18:01:35	[35mDEBUG[0m	bootstrap/database.go:52	Database Query	{"sql": "SELECT count(*) FROM information_schema.tables WHERE table_schema = 'gohub' AND table_name = 'users' AND table_type = 'BASE TABLE'", "time": "1.020ms", "rows": -1}
2022-08-28 18:01:35	[35mDEBUG[0m	mysql@v1.3.4/migrator.go:235	Database Query	{"sql": "SELECT DATABASE()", "time": "0.093ms", "rows": -1}
2022-08-28 18:01:35	[35mDEBUG[0m	mysql@v1.3.4/migrator.go:238	Database Query	{"sql": "SELECT SCHEMA_NAME from Information_schema.SCHEMATA where SCHEMA_NAME LIKE 'gohub%' ORDER BY SCHEMA_NAME='gohub' DESC limit 1", "time": "0.405ms", "rows": 1}
2022-08-28 18:01:35	[35mDEBUG[0m	mysql@v1.3.4/migrator.go:148	Database Query	{"sql": "SELECT * FROM `users` LIMIT 1", "time": "0.519ms", "rows": -1}
2022-08-28 18:01:35	[35mDEBUG[0m	mysql@v1.3.4/migrator.go:166	Database Query	{"sql": "SELECT column_name, column_default, is_nullable = 'YES', data_type, character_maximum_length, column_type, column_key, extra, column_comment, numeric_precision, numeric_scale , datetime_precision FROM information_schema.columns WHERE table_schema = 'gohub' AND table_name = 'users' ORDER BY ORDINAL_POSITION", "time": "0.974ms", "rows": -1}
2022-08-28 18:01:35	[35mDEBUG[0m	mysql@v1.3.4/migrator.go:235	Database Query	{"sql": "SELECT DATABASE()", "time": "0.194ms", "rows": -1}
2022-08-28 18:01:35	[35mDEBUG[0m	mysql@v1.3.4/migrator.go:238	Database Query	{"sql": "SELECT SCHEMA_NAME from Information_schema.SCHEMATA where SCHEMA_NAME LIKE 'gohub%' ORDER BY SCHEMA_NAME='gohub' DESC limit 1", "time": "0.508ms", "rows": 1}
2022-08-28 18:01:35	[35mDEBUG[0m	bootstrap/database.go:52	Database Query	{"sql": "SELECT count(*) FROM information_schema.statistics WHERE table_schema = 'gohub' AND table_name = 'users' AND index_name = 'idx_users_created_at'", "time": "0.898ms", "rows": -1}
2022-08-28 18:01:35	[35mDEBUG[0m	mysql@v1.3.4/migrator.go:235	Database Query	{"sql": "SELECT DATABASE()", "time": "0.086ms", "rows": -1}
2022-08-28 18:01:35	[35mDEBUG[0m	mysql@v1.3.4/migrator.go:238	Database Query	{"sql": "SELECT SCHEMA_NAME from Information_schema.SCHEMATA where SCHEMA_NAME LIKE 'gohub%' ORDER BY SCHEMA_NAME='gohub' DESC limit 1", "time": "0.494ms", "rows": 1}
2022-08-28 18:01:35	[35mDEBUG[0m	bootstrap/database.go:52	Database Query	{"sql": "SELECT count(*) FROM information_schema.statistics WHERE table_schema = 'gohub' AND table_name = 'users' AND index_name = 'idx_users_updated_at'", "time": "0.763ms", "rows": -1}
2022-08-28 18:01:40	[35mDEBUG[0m	mysql@v1.3.4/migrator.go:235	Database Query	{"sql": "SELECT DATABASE()", "time": "0.423ms", "rows": -1}
2022-08-28 18:01:40	[35mDEBUG[0m	mysql@v1.3.4/migrator.go:238	Database Query	{"sql": "SELECT SCHEMA_NAME from Information_schema.SCHEMATA where SCHEMA_NAME LIKE 'gohub%' ORDER BY SCHEMA_NAME='gohub' DESC limit 1", "time": "3.117ms", "rows": 1}
2022-08-28 18:01:40	[35mDEBUG[0m	bootstrap/database.go:52	Database Query	{"sql": "SELECT count(*) FROM information_schema.tables WHERE table_schema = 'gohub' AND table_name = 'users' AND table_type = 'BASE TABLE'", "time": "1.032ms", "rows": -1}
2022-08-28 18:01:40	[35mDEBUG[0m	mysql@v1.3.4/migrator.go:235	Database Query	{"sql": "SELECT DATABASE()", "time": "0.096ms", "rows": -1}
2022-08-28 18:01:40	[35mDEBUG[0m	mysql@v1.3.4/migrator.go:238	Database Query	{"sql": "SELECT SCHEMA_NAME from Information_schema.SCHEMATA where SCHEMA_NAME LIKE 'gohub%' ORDER BY SCHEMA_NAME='gohub' DESC limit 1", "time": "0.455ms", "rows": 1}
2022-08-28 18:01:40	[35mDEBUG[0m	mysql@v1.3.4/migrator.go:148	Database Query	{"sql": "SELECT * FROM `users` LIMIT 1", "time": "0.576ms", "rows": -1}
2022-08-28 18:01:40	[35mDEBUG[0m	mysql@v1.3.4/migrator.go:166	Database Query	{"sql": "SELECT column_name, column_default, is_nullable = 'YES', data_type, character_maximum_length, column_type, column_key, extra, column_comment, numeric_precision, numeric_scale , datetime_precision FROM information_schema.columns WHERE table_schema = 'gohub' AND table_name = 'users' ORDER BY ORDINAL_POSITION", "time": "1.479ms", "rows": -1}
2022-08-28 18:01:40	[35mDEBUG[0m	mysql@v1.3.4/migrator.go:235	Database Query	{"sql": "SELECT DATABASE()", "time": "0.106ms", "rows": -1}
2022-08-28 18:01:40	[35mDEBUG[0m	mysql@v1.3.4/migrator.go:238	Database Query	{"sql": "SELECT SCHEMA_NAME from Information_schema.SCHEMATA where SCHEMA_NAME LIKE 'gohub%' ORDER BY SCHEMA_NAME='gohub' DESC limit 1", "time": "0.469ms", "rows": 1}
2022-08-28 18:01:40	[35mDEBUG[0m	bootstrap/database.go:52	Database Query	{"sql": "SELECT count(*) FROM information_schema.statistics WHERE table_schema = 'gohub' AND table_name = 'users' AND index_name = 'idx_users_created_at'", "time": "0.895ms", "rows": -1}
2022-08-28 18:01:40	[35mDEBUG[0m	mysql@v1.3.4/migrator.go:235	Database Query	{"sql": "SELECT DATABASE()", "time": "0.148ms", "rows": -1}
2022-08-28 18:01:40	[35mDEBUG[0m	mysql@v1.3.4/migrator.go:238	Database Query	{"sql": "SELECT SCHEMA_NAME from Information_schema.SCHEMATA where SCHEMA_NAME LIKE 'gohub%' ORDER BY SCHEMA_NAME='gohub' DESC limit 1", "time": "0.455ms", "rows": 1}
2022-08-28 18:01:40	[35mDEBUG[0m	bootstrap/database.go:52	Database Query	{"sql": "SELECT count(*) FROM information_schema.statistics WHERE table_schema = 'gohub' AND table_name = 'users' AND index_name = 'idx_users_updated_at'", "time": "0.698ms", "rows": -1}
2022-08-28 18:01:59	[35mDEBUG[0m	mysql@v1.3.4/migrator.go:235	Database Query	{"sql": "SELECT DATABASE()", "time": "0.436ms", "rows": -1}
2022-08-28 18:01:59	[35mDEBUG[0m	mysql@v1.3.4/migrator.go:238	Database Query	{"sql": "SELECT SCHEMA_NAME from Information_schema.SCHEMATA where SCHEMA_NAME LIKE 'gohub%' ORDER BY SCHEMA_NAME='gohub' DESC limit 1", "time": "3.364ms", "rows": 1}
2022-08-28 18:01:59	[35mDEBUG[0m	bootstrap/database.go:52	Database Query	{"sql": "SELECT count(*) FROM information_schema.tables WHERE table_schema = 'gohub' AND table_name = 'users' AND table_type = 'BASE TABLE'", "time": "1.797ms", "rows": -1}
2022-08-28 18:01:59	[35mDEBUG[0m	mysql@v1.3.4/migrator.go:235	Database Query	{"sql": "SELECT DATABASE()", "time": "0.167ms", "rows": -1}
2022-08-28 18:01:59	[35mDEBUG[0m	mysql@v1.3.4/migrator.go:238	Database Query	{"sql": "SELECT SCHEMA_NAME from Information_schema.SCHEMATA where SCHEMA_NAME LIKE 'gohub%' ORDER BY SCHEMA_NAME='gohub' DESC limit 1", "time": "0.704ms", "rows": 1}
2022-08-28 18:01:59	[35mDEBUG[0m	mysql@v1.3.4/migrator.go:148	Database Query	{"sql": "SELECT * FROM `users` LIMIT 1", "time": "0.710ms", "rows": -1}
2022-08-28 18:01:59	[35mDEBUG[0m	mysql@v1.3.4/migrator.go:166	Database Query	{"sql": "SELECT column_name, column_default, is_nullable = 'YES', data_type, character_maximum_length, column_type, column_key, extra, column_comment, numeric_precision, numeric_scale , datetime_precision FROM information_schema.columns WHERE table_schema = 'gohub' AND table_name = 'users' ORDER BY ORDINAL_POSITION", "time": "1.815ms", "rows": -1}
2022-08-28 18:01:59	[35mDEBUG[0m	mysql@v1.3.4/migrator.go:235	Database Query	{"sql": "SELECT DATABASE()", "time": "0.157ms", "rows": -1}
2022-08-28 18:01:59	[35mDEBUG[0m	mysql@v1.3.4/migrator.go:238	Database Query	{"sql": "SELECT SCHEMA_NAME from Information_schema.SCHEMATA where SCHEMA_NAME LIKE 'gohub%' ORDER BY SCHEMA_NAME='gohub' DESC limit 1", "time": "0.439ms", "rows": 1}
2022-08-28 18:01:59	[35mDEBUG[0m	bootstrap/database.go:52	Database Query	{"sql": "SELECT count(*) FROM information_schema.statistics WHERE table_schema = 'gohub' AND table_name = 'users' AND index_name = 'idx_users_created_at'", "time": "0.806ms", "rows": -1}
2022-08-28 18:01:59	[35mDEBUG[0m	mysql@v1.3.4/migrator.go:235	Database Query	{"sql": "SELECT DATABASE()", "time": "0.105ms", "rows": -1}
2022-08-28 18:01:59	[35mDEBUG[0m	mysql@v1.3.4/migrator.go:238	Database Query	{"sql": "SELECT SCHEMA_NAME from Information_schema.SCHEMATA where SCHEMA_NAME LIKE 'gohub%' ORDER BY SCHEMA_NAME='gohub' DESC limit 1", "time": "0.339ms", "rows": 1}
2022-08-28 18:01:59	[35mDEBUG[0m	bootstrap/database.go:52	Database Query	{"sql": "SELECT count(*) FROM information_schema.statistics WHERE table_schema = 'gohub' AND table_name = 'users' AND index_name = 'idx_users_updated_at'", "time": "0.660ms", "rows": -1}
2022-08-28 18:02:20	[35mDEBUG[0m	mysql@v1.3.4/migrator.go:235	Database Query	{"sql": "SELECT DATABASE()", "time": "0.407ms", "rows": -1}
2022-08-28 18:02:20	[35mDEBUG[0m	mysql@v1.3.4/migrator.go:238	Database Query	{"sql": "SELECT SCHEMA_NAME from Information_schema.SCHEMATA where SCHEMA_NAME LIKE 'gohub%' ORDER BY SCHEMA_NAME='gohub' DESC limit 1", "time": "3.277ms", "rows": 1}
2022-08-28 18:02:20	[35mDEBUG[0m	bootstrap/database.go:52	Database Query	{"sql": "SELECT count(*) FROM information_schema.tables WHERE table_schema = 'gohub' AND table_name = 'users' AND table_type = 'BASE TABLE'", "time": "0.993ms", "rows": -1}
2022-08-28 18:02:20	[35mDEBUG[0m	mysql@v1.3.4/migrator.go:235	Database Query	{"sql": "SELECT DATABASE()", "time": "0.114ms", "rows": -1}
2022-08-28 18:02:20	[35mDEBUG[0m	mysql@v1.3.4/migrator.go:238	Database Query	{"sql": "SELECT SCHEMA_NAME from Information_schema.SCHEMATA where SCHEMA_NAME LIKE 'gohub%' ORDER BY SCHEMA_NAME='gohub' DESC limit 1", "time": "0.482ms", "rows": 1}
2022-08-28 18:02:20	[35mDEBUG[0m	mysql@v1.3.4/migrator.go:148	Database Query	{"sql": "SELECT * FROM `users` LIMIT 1", "time": "0.563ms", "rows": -1}
2022-08-28 18:02:20	[35mDEBUG[0m	mysql@v1.3.4/migrator.go:166	Database Query	{"sql": "SELECT column_name, column_default, is_nullable = 'YES', data_type, character_maximum_length, column_type, column_key, extra, column_comment, numeric_precision, numeric_scale , datetime_precision FROM information_schema.columns WHERE table_schema = 'gohub' AND table_name = 'users' ORDER BY ORDINAL_POSITION", "time": "0.986ms", "rows": -1}
2022-08-28 18:02:20	[35mDEBUG[0m	mysql@v1.3.4/migrator.go:235	Database Query	{"sql": "SELECT DATABASE()", "time": "0.092ms", "rows": -1}
2022-08-28 18:02:20	[35mDEBUG[0m	mysql@v1.3.4/migrator.go:238	Database Query	{"sql": "SELECT SCHEMA_NAME from Information_schema.SCHEMATA where SCHEMA_NAME LIKE 'gohub%' ORDER BY SCHEMA_NAME='gohub' DESC limit 1", "time": "0.435ms", "rows": 1}
2022-08-28 18:02:20	[35mDEBUG[0m	bootstrap/database.go:52	Database Query	{"sql": "SELECT count(*) FROM information_schema.statistics WHERE table_schema = 'gohub' AND table_name = 'users' AND index_name = 'idx_users_created_at'", "time": "0.834ms", "rows": -1}
2022-08-28 18:02:20	[35mDEBUG[0m	mysql@v1.3.4/migrator.go:235	Database Query	{"sql": "SELECT DATABASE()", "time": "0.100ms", "rows": -1}
2022-08-28 18:02:20	[35mDEBUG[0m	mysql@v1.3.4/migrator.go:238	Database Query	{"sql": "SELECT SCHEMA_NAME from Information_schema.SCHEMATA where SCHEMA_NAME LIKE 'gohub%' ORDER BY SCHEMA_NAME='gohub' DESC limit 1", "time": "0.436ms", "rows": 1}
2022-08-28 18:02:20	[35mDEBUG[0m	bootstrap/database.go:52	Database Query	{"sql": "SELECT count(*) FROM information_schema.statistics WHERE table_schema = 'gohub' AND table_name = 'users' AND index_name = 'idx_users_updated_at'", "time": "0.692ms", "rows": -1}
2022-08-28 18:04:29	[35mDEBUG[0m	mysql@v1.3.4/migrator.go:235	Database Query	{"sql": "SELECT DATABASE()", "time": "0.457ms", "rows": -1}
2022-08-28 18:04:29	[35mDEBUG[0m	mysql@v1.3.4/migrator.go:238	Database Query	{"sql": "SELECT SCHEMA_NAME from Information_schema.SCHEMATA where SCHEMA_NAME LIKE 'gohub%' ORDER BY SCHEMA_NAME='gohub' DESC limit 1", "time": "3.261ms", "rows": 1}
2022-08-28 18:04:29	[35mDEBUG[0m	bootstrap/database.go:52	Database Query	{"sql": "SELECT count(*) FROM information_schema.tables WHERE table_schema = 'gohub' AND table_name = 'users' AND table_type = 'BASE TABLE'", "time": "1.104ms", "rows": -1}
2022-08-28 18:04:29	[35mDEBUG[0m	mysql@v1.3.4/migrator.go:235	Database Query	{"sql": "SELECT DATABASE()", "time": "0.126ms", "rows": -1}
2022-08-28 18:04:29	[35mDEBUG[0m	mysql@v1.3.4/migrator.go:238	Database Query	{"sql": "SELECT SCHEMA_NAME from Information_schema.SCHEMATA where SCHEMA_NAME LIKE 'gohub%' ORDER BY SCHEMA_NAME='gohub' DESC limit 1", "time": "0.521ms", "rows": 1}
2022-08-28 18:04:29	[35mDEBUG[0m	mysql@v1.3.4/migrator.go:148	Database Query	{"sql": "SELECT * FROM `users` LIMIT 1", "time": "0.609ms", "rows": -1}
2022-08-28 18:04:29	[35mDEBUG[0m	mysql@v1.3.4/migrator.go:166	Database Query	{"sql": "SELECT column_name, column_default, is_nullable = 'YES', data_type, character_maximum_length, column_type, column_key, extra, column_comment, numeric_precision, numeric_scale , datetime_precision FROM information_schema.columns WHERE table_schema = 'gohub' AND table_name = 'users' ORDER BY ORDINAL_POSITION", "time": "1.112ms", "rows": -1}
2022-08-28 18:04:29	[35mDEBUG[0m	mysql@v1.3.4/migrator.go:235	Database Query	{"sql": "SELECT DATABASE()", "time": "0.114ms", "rows": -1}
2022-08-28 18:04:29	[35mDEBUG[0m	mysql@v1.3.4/migrator.go:238	Database Query	{"sql": "SELECT SCHEMA_NAME from Information_schema.SCHEMATA where SCHEMA_NAME LIKE 'gohub%' ORDER BY SCHEMA_NAME='gohub' DESC limit 1", "time": "0.510ms", "rows": 1}
2022-08-28 18:04:29	[35mDEBUG[0m	bootstrap/database.go:52	Database Query	{"sql": "SELECT count(*) FROM information_schema.statistics WHERE table_schema = 'gohub' AND table_name = 'users' AND index_name = 'idx_users_updated_at'", "time": "0.863ms", "rows": -1}
2022-08-28 18:04:29	[35mDEBUG[0m	mysql@v1.3.4/migrator.go:235	Database Query	{"sql": "SELECT DATABASE()", "time": "0.130ms", "rows": -1}
2022-08-28 18:04:29	[35mDEBUG[0m	mysql@v1.3.4/migrator.go:238	Database Query	{"sql": "SELECT SCHEMA_NAME from Information_schema.SCHEMATA where SCHEMA_NAME LIKE 'gohub%' ORDER BY SCHEMA_NAME='gohub' DESC limit 1", "time": "0.512ms", "rows": 1}
2022-08-28 18:04:29	[35mDEBUG[0m	bootstrap/database.go:52	Database Query	{"sql": "SELECT count(*) FROM information_schema.statistics WHERE table_schema = 'gohub' AND table_name = 'users' AND index_name = 'idx_users_created_at'", "time": "0.747ms", "rows": -1}
2022-08-28 18:05:15	[35mDEBUG[0m	mysql@v1.3.4/migrator.go:235	Database Query	{"sql": "SELECT DATABASE()", "time": "0.431ms", "rows": -1}
2022-08-28 18:05:15	[35mDEBUG[0m	mysql@v1.3.4/migrator.go:238	Database Query	{"sql": "SELECT SCHEMA_NAME from Information_schema.SCHEMATA where SCHEMA_NAME LIKE 'gohub%' ORDER BY SCHEMA_NAME='gohub' DESC limit 1", "time": "3.390ms", "rows": 1}
2022-08-28 18:05:15	[35mDEBUG[0m	bootstrap/database.go:52	Database Query	{"sql": "SELECT count(*) FROM information_schema.tables WHERE table_schema = 'gohub' AND table_name = 'users' AND table_type = 'BASE TABLE'", "time": "1.034ms", "rows": -1}
2022-08-28 18:05:15	[35mDEBUG[0m	mysql@v1.3.4/migrator.go:235	Database Query	{"sql": "SELECT DATABASE()", "time": "0.136ms", "rows": -1}
2022-08-28 18:05:15	[35mDEBUG[0m	mysql@v1.3.4/migrator.go:238	Database Query	{"sql": "SELECT SCHEMA_NAME from Information_schema.SCHEMATA where SCHEMA_NAME LIKE 'gohub%' ORDER BY SCHEMA_NAME='gohub' DESC limit 1", "time": "0.512ms", "rows": 1}
2022-08-28 18:05:15	[35mDEBUG[0m	mysql@v1.3.4/migrator.go:148	Database Query	{"sql": "SELECT * FROM `users` LIMIT 1", "time": "0.522ms", "rows": -1}
2022-08-28 18:05:15	[35mDEBUG[0m	mysql@v1.3.4/migrator.go:166	Database Query	{"sql": "SELECT column_name, column_default, is_nullable = 'YES', data_type, character_maximum_length, column_type, column_key, extra, column_comment, numeric_precision, numeric_scale , datetime_precision FROM information_schema.columns WHERE table_schema = 'gohub' AND table_name = 'users' ORDER BY ORDINAL_POSITION", "time": "1.635ms", "rows": -1}
2022-08-28 18:05:15	[35mDEBUG[0m	mysql@v1.3.4/migrator.go:235	Database Query	{"sql": "SELECT DATABASE()", "time": "0.152ms", "rows": -1}
2022-08-28 18:05:15	[35mDEBUG[0m	mysql@v1.3.4/migrator.go:238	Database Query	{"sql": "SELECT SCHEMA_NAME from Information_schema.SCHEMATA where SCHEMA_NAME LIKE 'gohub%' ORDER BY SCHEMA_NAME='gohub' DESC limit 1", "time": "0.700ms", "rows": 1}
2022-08-28 18:05:15	[35mDEBUG[0m	bootstrap/database.go:52	Database Query	{"sql": "SELECT count(*) FROM information_schema.statistics WHERE table_schema = 'gohub' AND table_name = 'users' AND index_name = 'idx_users_created_at'", "time": "0.773ms", "rows": -1}
2022-08-28 18:05:15	[35mDEBUG[0m	mysql@v1.3.4/migrator.go:235	Database Query	{"sql": "SELECT DATABASE()", "time": "0.105ms", "rows": -1}
2022-08-28 18:05:15	[35mDEBUG[0m	mysql@v1.3.4/migrator.go:238	Database Query	{"sql": "SELECT SCHEMA_NAME from Information_schema.SCHEMATA where SCHEMA_NAME LIKE 'gohub%' ORDER BY SCHEMA_NAME='gohub' DESC limit 1", "time": "0.398ms", "rows": 1}
2022-08-28 18:05:15	[35mDEBUG[0m	bootstrap/database.go:52	Database Query	{"sql": "SELECT count(*) FROM information_schema.statistics WHERE table_schema = 'gohub' AND table_name = 'users' AND index_name = 'idx_users_updated_at'", "time": "0.621ms", "rows": -1}
2022-08-28 18:05:40	[35mDEBUG[0m	mysql@v1.3.4/migrator.go:235	Database Query	{"sql": "SELECT DATABASE()", "time": "0.427ms", "rows": -1}
2022-08-28 18:05:40	[35mDEBUG[0m	mysql@v1.3.4/migrator.go:238	Database Query	{"sql": "SELECT SCHEMA_NAME from Information_schema.SCHEMATA where SCHEMA_NAME LIKE 'gohub%' ORDER BY SCHEMA_NAME='gohub' DESC limit 1", "time": "3.372ms", "rows": 1}
2022-08-28 18:05:40	[35mDEBUG[0m	bootstrap/database.go:52	Database Query	{"sql": "SELECT count(*) FROM information_schema.tables WHERE table_schema = 'gohub' AND table_name = 'users' AND table_type = 'BASE TABLE'", "time": "1.751ms", "rows": -1}
2022-08-28 18:05:40	[35mDEBUG[0m	mysql@v1.3.4/migrator.go:235	Database Query	{"sql": "SELECT DATABASE()", "time": "0.078ms", "rows": -1}
2022-08-28 18:05:40	[35mDEBUG[0m	mysql@v1.3.4/migrator.go:238	Database Query	{"sql": "SELECT SCHEMA_NAME from Information_schema.SCHEMATA where SCHEMA_NAME LIKE 'gohub%' ORDER BY SCHEMA_NAME='gohub' DESC limit 1", "time": "0.384ms", "rows": 1}
2022-08-28 18:05:40	[35mDEBUG[0m	mysql@v1.3.4/migrator.go:148	Database Query	{"sql": "SELECT * FROM `users` LIMIT 1", "time": "0.539ms", "rows": -1}
2022-08-28 18:05:40	[35mDEBUG[0m	mysql@v1.3.4/migrator.go:166	Database Query	{"sql": "SELECT column_name, column_default, is_nullable = 'YES', data_type, character_maximum_length, column_type, column_key, extra, column_comment, numeric_precision, numeric_scale , datetime_precision FROM information_schema.columns WHERE table_schema = 'gohub' AND table_name = 'users' ORDER BY ORDINAL_POSITION", "time": "1.936ms", "rows": -1}
2022-08-28 18:05:40	[35mDEBUG[0m	mysql@v1.3.4/migrator.go:235	Database Query	{"sql": "SELECT DATABASE()", "time": "0.149ms", "rows": -1}
2022-08-28 18:05:40	[35mDEBUG[0m	mysql@v1.3.4/migrator.go:238	Database Query	{"sql": "SELECT SCHEMA_NAME from Information_schema.SCHEMATA where SCHEMA_NAME LIKE 'gohub%' ORDER BY SCHEMA_NAME='gohub' DESC limit 1", "time": "0.674ms", "rows": 1}
2022-08-28 18:05:40	[35mDEBUG[0m	bootstrap/database.go:52	Database Query	{"sql": "SELECT count(*) FROM information_schema.statistics WHERE table_schema = 'gohub' AND table_name = 'users' AND index_name = 'idx_users_created_at'", "time": "1.478ms", "rows": -1}
2022-08-28 18:05:40	[35mDEBUG[0m	mysql@v1.3.4/migrator.go:235	Database Query	{"sql": "SELECT DATABASE()", "time": "0.187ms", "rows": -1}
2022-08-28 18:05:40	[35mDEBUG[0m	mysql@v1.3.4/migrator.go:238	Database Query	{"sql": "SELECT SCHEMA_NAME from Information_schema.SCHEMATA where SCHEMA_NAME LIKE 'gohub%' ORDER BY SCHEMA_NAME='gohub' DESC limit 1", "time": "0.371ms", "rows": 1}
2022-08-28 18:05:40	[35mDEBUG[0m	bootstrap/database.go:52	Database Query	{"sql": "SELECT count(*) FROM information_schema.statistics WHERE table_schema = 'gohub' AND table_name = 'users' AND index_name = 'idx_users_updated_at'", "time": "0.622ms", "rows": -1}
2022-08-28 18:06:53	[35mDEBUG[0m	mysql@v1.3.4/migrator.go:235	Database Query	{"sql": "SELECT DATABASE()", "time": "0.541ms", "rows": -1}
2022-08-28 18:06:53	[35mDEBUG[0m	mysql@v1.3.4/migrator.go:238	Database Query	{"sql": "SELECT SCHEMA_NAME from Information_schema.SCHEMATA where SCHEMA_NAME LIKE 'gohub%' ORDER BY SCHEMA_NAME='gohub' DESC limit 1", "time": "3.292ms", "rows": 1}
2022-08-28 18:06:53	[35mDEBUG[0m	bootstrap/database.go:52	Database Query	{"sql": "SELECT count(*) FROM information_schema.tables WHERE table_schema = 'gohub' AND table_name = 'users' AND table_type = 'BASE TABLE'", "time": "1.164ms", "rows": -1}
2022-08-28 18:06:53	[35mDEBUG[0m	mysql@v1.3.4/migrator.go:235	Database Query	{"sql": "SELECT DATABASE()", "time": "0.100ms", "rows": -1}
2022-08-28 18:06:53	[35mDEBUG[0m	mysql@v1.3.4/migrator.go:238	Database Query	{"sql": "SELECT SCHEMA_NAME from Information_schema.SCHEMATA where SCHEMA_NAME LIKE 'gohub%' ORDER BY SCHEMA_NAME='gohub' DESC limit 1", "time": "0.435ms", "rows": 1}
2022-08-28 18:06:53	[35mDEBUG[0m	mysql@v1.3.4/migrator.go:148	Database Query	{"sql": "SELECT * FROM `users` LIMIT 1", "time": "0.561ms", "rows": -1}
2022-08-28 18:06:53	[35mDEBUG[0m	mysql@v1.3.4/migrator.go:166	Database Query	{"sql": "SELECT column_name, column_default, is_nullable = 'YES', data_type, character_maximum_length, column_type, column_key, extra, column_comment, numeric_precision, numeric_scale , datetime_precision FROM information_schema.columns WHERE table_schema = 'gohub' AND table_name = 'users' ORDER BY ORDINAL_POSITION", "time": "1.025ms", "rows": -1}
2022-08-28 18:06:53	[35mDEBUG[0m	mysql@v1.3.4/migrator.go:235	Database Query	{"sql": "SELECT DATABASE()", "time": "0.119ms", "rows": -1}
2022-08-28 18:06:53	[35mDEBUG[0m	mysql@v1.3.4/migrator.go:238	Database Query	{"sql": "SELECT SCHEMA_NAME from Information_schema.SCHEMATA where SCHEMA_NAME LIKE 'gohub%' ORDER BY SCHEMA_NAME='gohub' DESC limit 1", "time": "0.600ms", "rows": 1}
2022-08-28 18:06:53	[35mDEBUG[0m	bootstrap/database.go:52	Database Query	{"sql": "SELECT count(*) FROM information_schema.statistics WHERE table_schema = 'gohub' AND table_name = 'users' AND index_name = 'idx_users_created_at'", "time": "1.173ms", "rows": -1}
2022-08-28 18:06:53	[35mDEBUG[0m	mysql@v1.3.4/migrator.go:235	Database Query	{"sql": "SELECT DATABASE()", "time": "0.113ms", "rows": -1}
2022-08-28 18:06:53	[35mDEBUG[0m	mysql@v1.3.4/migrator.go:238	Database Query	{"sql": "SELECT SCHEMA_NAME from Information_schema.SCHEMATA where SCHEMA_NAME LIKE 'gohub%' ORDER BY SCHEMA_NAME='gohub' DESC limit 1", "time": "0.585ms", "rows": 1}
2022-08-28 18:06:53	[35mDEBUG[0m	bootstrap/database.go:52	Database Query	{"sql": "SELECT count(*) FROM information_schema.statistics WHERE table_schema = 'gohub' AND table_name = 'users' AND index_name = 'idx_users_updated_at'", "time": "0.816ms", "rows": -1}
2022-08-28 18:07:01	[35mDEBUG[0m	mysql@v1.3.4/migrator.go:235	Database Query	{"sql": "SELECT DATABASE()", "time": "0.436ms", "rows": -1}
2022-08-28 18:07:01	[35mDEBUG[0m	mysql@v1.3.4/migrator.go:238	Database Query	{"sql": "SELECT SCHEMA_NAME from Information_schema.SCHEMATA where SCHEMA_NAME LIKE 'gohub%' ORDER BY SCHEMA_NAME='gohub' DESC limit 1", "time": "3.003ms", "rows": 1}
2022-08-28 18:07:01	[35mDEBUG[0m	bootstrap/database.go:52	Database Query	{"sql": "SELECT count(*) FROM information_schema.tables WHERE table_schema = 'gohub' AND table_name = 'users' AND table_type = 'BASE TABLE'", "time": "0.974ms", "rows": -1}
2022-08-28 18:07:01	[35mDEBUG[0m	mysql@v1.3.4/migrator.go:235	Database Query	{"sql": "SELECT DATABASE()", "time": "0.129ms", "rows": -1}
2022-08-28 18:07:01	[35mDEBUG[0m	mysql@v1.3.4/migrator.go:238	Database Query	{"sql": "SELECT SCHEMA_NAME from Information_schema.SCHEMATA where SCHEMA_NAME LIKE 'gohub%' ORDER BY SCHEMA_NAME='gohub' DESC limit 1", "time": "0.591ms", "rows": 1}
2022-08-28 18:07:01	[35mDEBUG[0m	mysql@v1.3.4/migrator.go:148	Database Query	{"sql": "SELECT * FROM `users` LIMIT 1", "time": "0.543ms", "rows": -1}
2022-08-28 18:07:01	[35mDEBUG[0m	mysql@v1.3.4/migrator.go:166	Database Query	{"sql": "SELECT column_name, column_default, is_nullable = 'YES', data_type, character_maximum_length, column_type, column_key, extra, column_comment, numeric_precision, numeric_scale , datetime_precision FROM information_schema.columns WHERE table_schema = 'gohub' AND table_name = 'users' ORDER BY ORDINAL_POSITION", "time": "0.982ms", "rows": -1}
2022-08-28 18:07:01	[35mDEBUG[0m	mysql@v1.3.4/migrator.go:235	Database Query	{"sql": "SELECT DATABASE()", "time": "0.086ms", "rows": -1}
2022-08-28 18:07:01	[35mDEBUG[0m	mysql@v1.3.4/migrator.go:238	Database Query	{"sql": "SELECT SCHEMA_NAME from Information_schema.SCHEMATA where SCHEMA_NAME LIKE 'gohub%' ORDER BY SCHEMA_NAME='gohub' DESC limit 1", "time": "0.406ms", "rows": 1}
2022-08-28 18:07:01	[35mDEBUG[0m	bootstrap/database.go:52	Database Query	{"sql": "SELECT count(*) FROM information_schema.statistics WHERE table_schema = 'gohub' AND table_name = 'users' AND index_name = 'idx_users_created_at'", "time": "0.782ms", "rows": -1}
2022-08-28 18:07:01	[35mDEBUG[0m	mysql@v1.3.4/migrator.go:235	Database Query	{"sql": "SELECT DATABASE()", "time": "0.091ms", "rows": -1}
2022-08-28 18:07:01	[35mDEBUG[0m	mysql@v1.3.4/migrator.go:238	Database Query	{"sql": "SELECT SCHEMA_NAME from Information_schema.SCHEMATA where SCHEMA_NAME LIKE 'gohub%' ORDER BY SCHEMA_NAME='gohub' DESC limit 1", "time": "0.423ms", "rows": 1}
2022-08-28 18:07:01	[35mDEBUG[0m	bootstrap/database.go:52	Database Query	{"sql": "SELECT count(*) FROM information_schema.statistics WHERE table_schema = 'gohub' AND table_name = 'users' AND index_name = 'idx_users_updated_at'", "time": "0.654ms", "rows": -1}
2022-08-28 18:07:14	[35mDEBUG[0m	mysql@v1.3.4/migrator.go:235	Database Query	{"sql": "SELECT DATABASE()", "time": "0.431ms", "rows": -1}
2022-08-28 18:07:14	[35mDEBUG[0m	mysql@v1.3.4/migrator.go:238	Database Query	{"sql": "SELECT SCHEMA_NAME from Information_schema.SCHEMATA where SCHEMA_NAME LIKE 'gohub%' ORDER BY SCHEMA_NAME='gohub' DESC limit 1", "time": "3.066ms", "rows": 1}
2022-08-28 18:07:14	[35mDEBUG[0m	bootstrap/database.go:52	Database Query	{"sql": "SELECT count(*) FROM information_schema.tables WHERE table_schema = 'gohub' AND table_name = 'users' AND table_type = 'BASE TABLE'", "time": "1.863ms", "rows": -1}
2022-08-28 18:07:14	[35mDEBUG[0m	mysql@v1.3.4/migrator.go:235	Database Query	{"sql": "SELECT DATABASE()", "time": "0.086ms", "rows": -1}
2022-08-28 18:07:14	[35mDEBUG[0m	mysql@v1.3.4/migrator.go:238	Database Query	{"sql": "SELECT SCHEMA_NAME from Information_schema.SCHEMATA where SCHEMA_NAME LIKE 'gohub%' ORDER BY SCHEMA_NAME='gohub' DESC limit 1", "time": "0.424ms", "rows": 1}
2022-08-28 18:07:14	[35mDEBUG[0m	mysql@v1.3.4/migrator.go:148	Database Query	{"sql": "SELECT * FROM `users` LIMIT 1", "time": "0.550ms", "rows": -1}
2022-08-28 18:07:14	[35mDEBUG[0m	mysql@v1.3.4/migrator.go:166	Database Query	{"sql": "SELECT column_name, column_default, is_nullable = 'YES', data_type, character_maximum_length, column_type, column_key, extra, column_comment, numeric_precision, numeric_scale , datetime_precision FROM information_schema.columns WHERE table_schema = 'gohub' AND table_name = 'users' ORDER BY ORDINAL_POSITION", "time": "0.969ms", "rows": -1}
2022-08-28 18:07:14	[35mDEBUG[0m	mysql@v1.3.4/migrator.go:235	Database Query	{"sql": "SELECT DATABASE()", "time": "0.157ms", "rows": -1}
2022-08-28 18:07:14	[35mDEBUG[0m	mysql@v1.3.4/migrator.go:238	Database Query	{"sql": "SELECT SCHEMA_NAME from Information_schema.SCHEMATA where SCHEMA_NAME LIKE 'gohub%' ORDER BY SCHEMA_NAME='gohub' DESC limit 1", "time": "0.704ms", "rows": 1}
2022-08-28 18:07:14	[35mDEBUG[0m	bootstrap/database.go:52	Database Query	{"sql": "SELECT count(*) FROM information_schema.statistics WHERE table_schema = 'gohub' AND table_name = 'users' AND index_name = 'idx_users_created_at'", "time": "1.507ms", "rows": -1}
2022-08-28 18:07:14	[35mDEBUG[0m	mysql@v1.3.4/migrator.go:235	Database Query	{"sql": "SELECT DATABASE()", "time": "0.171ms", "rows": -1}
2022-08-28 18:07:14	[35mDEBUG[0m	mysql@v1.3.4/migrator.go:238	Database Query	{"sql": "SELECT SCHEMA_NAME from Information_schema.SCHEMATA where SCHEMA_NAME LIKE 'gohub%' ORDER BY SCHEMA_NAME='gohub' DESC limit 1", "time": "0.715ms", "rows": 1}
2022-08-28 18:07:14	[35mDEBUG[0m	bootstrap/database.go:52	Database Query	{"sql": "SELECT count(*) FROM information_schema.statistics WHERE table_schema = 'gohub' AND table_name = 'users' AND index_name = 'idx_users_updated_at'", "time": "1.262ms", "rows": -1}
2022-08-28 18:07:16	[35mDEBUG[0m	mysql@v1.3.4/migrator.go:235	Database Query	{"sql": "SELECT DATABASE()", "time": "0.647ms", "rows": -1}
2022-08-28 18:07:16	[35mDEBUG[0m	mysql@v1.3.4/migrator.go:238	Database Query	{"sql": "SELECT SCHEMA_NAME from Information_schema.SCHEMATA where SCHEMA_NAME LIKE 'gohub%' ORDER BY SCHEMA_NAME='gohub' DESC limit 1", "time": "6.113ms", "rows": 1}
2022-08-28 18:07:16	[35mDEBUG[0m	bootstrap/database.go:52	Database Query	{"sql": "SELECT count(*) FROM information_schema.tables WHERE table_schema = 'gohub' AND table_name = 'users' AND table_type = 'BASE TABLE'", "time": "1.807ms", "rows": -1}
2022-08-28 18:07:16	[35mDEBUG[0m	mysql@v1.3.4/migrator.go:235	Database Query	{"sql": "SELECT DATABASE()", "time": "0.145ms", "rows": -1}
2022-08-28 18:07:16	[35mDEBUG[0m	mysql@v1.3.4/migrator.go:238	Database Query	{"sql": "SELECT SCHEMA_NAME from Information_schema.SCHEMATA where SCHEMA_NAME LIKE 'gohub%' ORDER BY SCHEMA_NAME='gohub' DESC limit 1", "time": "0.610ms", "rows": 1}
2022-08-28 18:07:16	[35mDEBUG[0m	mysql@v1.3.4/migrator.go:148	Database Query	{"sql": "SELECT * FROM `users` LIMIT 1", "time": "0.702ms", "rows": -1}
2022-08-28 18:07:17	[35mDEBUG[0m	mysql@v1.3.4/migrator.go:166	Database Query	{"sql": "SELECT column_name, column_default, is_nullable = 'YES', data_type, character_maximum_length, column_type, column_key, extra, column_comment, numeric_precision, numeric_scale , datetime_precision FROM information_schema.columns WHERE table_schema = 'gohub' AND table_name = 'users' ORDER BY ORDINAL_POSITION", "time": "1.326ms", "rows": -1}
2022-08-28 18:07:17	[35mDEBUG[0m	mysql@v1.3.4/migrator.go:235	Database Query	{"sql": "SELECT DATABASE()", "time": "0.181ms", "rows": -1}
2022-08-28 18:07:17	[35mDEBUG[0m	mysql@v1.3.4/migrator.go:238	Database Query	{"sql": "SELECT SCHEMA_NAME from Information_schema.SCHEMATA where SCHEMA_NAME LIKE 'gohub%' ORDER BY SCHEMA_NAME='gohub' DESC limit 1", "time": "0.579ms", "rows": 1}
2022-08-28 18:07:17	[35mDEBUG[0m	bootstrap/database.go:52	Database Query	{"sql": "SELECT count(*) FROM information_schema.statistics WHERE table_schema = 'gohub' AND table_name = 'users' AND index_name = 'idx_users_created_at'", "time": "0.915ms", "rows": -1}
2022-08-28 18:07:17	[35mDEBUG[0m	mysql@v1.3.4/migrator.go:235	Database Query	{"sql": "SELECT DATABASE()", "time": "0.123ms", "rows": -1}
2022-08-28 18:07:17	[35mDEBUG[0m	mysql@v1.3.4/migrator.go:238	Database Query	{"sql": "SELECT SCHEMA_NAME from Information_schema.SCHEMATA where SCHEMA_NAME LIKE 'gohub%' ORDER BY SCHEMA_NAME='gohub' DESC limit 1", "time": "0.467ms", "rows": 1}
2022-08-28 18:07:17	[35mDEBUG[0m	bootstrap/database.go:52	Database Query	{"sql": "SELECT count(*) FROM information_schema.statistics WHERE table_schema = 'gohub' AND table_name = 'users' AND index_name = 'idx_users_updated_at'", "time": "0.679ms", "rows": -1}
2022-08-28 18:07:31	[35mDEBUG[0m	mysql@v1.3.4/migrator.go:235	Database Query	{"sql": "SELECT DATABASE()", "time": "0.440ms", "rows": -1}
2022-08-28 18:07:31	[35mDEBUG[0m	mysql@v1.3.4/migrator.go:238	Database Query	{"sql": "SELECT SCHEMA_NAME from Information_schema.SCHEMATA where SCHEMA_NAME LIKE 'gohub%' ORDER BY SCHEMA_NAME='gohub' DESC limit 1", "time": "3.272ms", "rows": 1}
2022-08-28 18:07:31	[35mDEBUG[0m	bootstrap/database.go:52	Database Query	{"sql": "SELECT count(*) FROM information_schema.tables WHERE table_schema = 'gohub' AND table_name = 'users' AND table_type = 'BASE TABLE'", "time": "1.655ms", "rows": -1}
2022-08-28 18:07:31	[35mDEBUG[0m	mysql@v1.3.4/migrator.go:235	Database Query	{"sql": "SELECT DATABASE()", "time": "0.090ms", "rows": -1}
2022-08-28 18:07:31	[35mDEBUG[0m	mysql@v1.3.4/migrator.go:238	Database Query	{"sql": "SELECT SCHEMA_NAME from Information_schema.SCHEMATA where SCHEMA_NAME LIKE 'gohub%' ORDER BY SCHEMA_NAME='gohub' DESC limit 1", "time": "0.433ms", "rows": 1}
2022-08-28 18:07:31	[35mDEBUG[0m	mysql@v1.3.4/migrator.go:148	Database Query	{"sql": "SELECT * FROM `users` LIMIT 1", "time": "0.538ms", "rows": -1}
2022-08-28 18:07:31	[35mDEBUG[0m	mysql@v1.3.4/migrator.go:166	Database Query	{"sql": "SELECT column_name, column_default, is_nullable = 'YES', data_type, character_maximum_length, column_type, column_key, extra, column_comment, numeric_precision, numeric_scale , datetime_precision FROM information_schema.columns WHERE table_schema = 'gohub' AND table_name = 'users' ORDER BY ORDINAL_POSITION", "time": "0.967ms", "rows": -1}
2022-08-28 18:07:31	[35mDEBUG[0m	mysql@v1.3.4/migrator.go:235	Database Query	{"sql": "SELECT DATABASE()", "time": "0.083ms", "rows": -1}
2022-08-28 18:07:31	[35mDEBUG[0m	mysql@v1.3.4/migrator.go:238	Database Query	{"sql": "SELECT SCHEMA_NAME from Information_schema.SCHEMATA where SCHEMA_NAME LIKE 'gohub%' ORDER BY SCHEMA_NAME='gohub' DESC limit 1", "time": "0.411ms", "rows": 1}
2022-08-28 18:07:31	[35mDEBUG[0m	bootstrap/database.go:52	Database Query	{"sql": "SELECT count(*) FROM information_schema.statistics WHERE table_schema = 'gohub' AND table_name = 'users' AND index_name = 'idx_users_created_at'", "time": "0.775ms", "rows": -1}
2022-08-28 18:07:31	[35mDEBUG[0m	mysql@v1.3.4/migrator.go:235	Database Query	{"sql": "SELECT DATABASE()", "time": "0.101ms", "rows": -1}
2022-08-28 18:07:31	[35mDEBUG[0m	mysql@v1.3.4/migrator.go:238	Database Query	{"sql": "SELECT SCHEMA_NAME from Information_schema.SCHEMATA where SCHEMA_NAME LIKE 'gohub%' ORDER BY SCHEMA_NAME='gohub' DESC limit 1", "time": "0.451ms", "rows": 1}
2022-08-28 18:07:31	[35mDEBUG[0m	bootstrap/database.go:52	Database Query	{"sql": "SELECT count(*) FROM information_schema.statistics WHERE table_schema = 'gohub' AND table_name = 'users' AND index_name = 'idx_users_updated_at'", "time": "0.739ms", "rows": -1}
