2022-09-11 19:45:31	[31mERROR[0m	database/database.go:74	Database Error	{"sql": "SELECT `table_name` FROM `information_schema`.`tables` WHERE table_shema = 'gohub'", "time": "1.023ms", "rows": 0, "error": "Error 1054: Unknown column 'table_shema' in 'where clause'"}
gohub/pkg/database.deleteMySQLTables
	/Users/yuanjian/Desktop/go/github.com/yuanjianUP/gohub/pkg/database/database.go:74
gohub/pkg/database.DeleteAllTables
	/Users/yuanjian/Desktop/go/github.com/yuanjianUP/gohub/pkg/database/database.go:45
gohub/pkg/migrate.(*Migrator).Fresh
	/Users/yuanjian/Desktop/go/github.com/yuanjianUP/gohub/pkg/migrate/migrator.go:184
gohub/app/cmd.runFresh
	/Users/yuanjian/Desktop/go/github.com/yuanjianUP/gohub/app/cmd/migrate.go:72
github.com/spf13/cobra.(*Command).execute
	/Users/yuanjian/go/pkg/mod/github.com/spf13/cobra@v1.5.0/command.go:876
github.com/spf13/cobra.(*Command).ExecuteC
	/Users/yuanjian/go/pkg/mod/github.com/spf13/cobra@v1.5.0/command.go:990
github.com/spf13/cobra.(*Command).Execute
	/Users/yuanjian/go/pkg/mod/github.com/spf13/cobra@v1.5.0/command.go:918
main.main
	/Users/yuanjian/Desktop/go/github.com/yuanjianUP/gohub/main.go:52
runtime.main
	/usr/local/go/src/runtime/proc.go:255
2022-09-11 20:16:09	[31mERROR[0m	database/database.go:74	Database Error	{"sql": "SELECT `table_name` FROM `information_schema`.`tables` WHERE table_shema = 'gohub'", "time": "1.627ms", "rows": 0, "error": "Error 1054: Unknown column 'table_shema' in 'where clause'"}
gohub/pkg/database.deleteMySQLTables
	/Users/yuanjian/Desktop/go/github.com/yuanjianUP/gohub/pkg/database/database.go:74
gohub/pkg/database.DeleteAllTables
	/Users/yuanjian/Desktop/go/github.com/yuanjianUP/gohub/pkg/database/database.go:45
gohub/pkg/migrate.(*Migrator).Fresh
	/Users/yuanjian/Desktop/go/github.com/yuanjianUP/gohub/pkg/migrate/migrator.go:184
gohub/app/cmd.runFresh
	/Users/yuanjian/Desktop/go/github.com/yuanjianUP/gohub/app/cmd/migrate.go:72
github.com/spf13/cobra.(*Command).execute
	/Users/yuanjian/go/pkg/mod/github.com/spf13/cobra@v1.5.0/command.go:876
github.com/spf13/cobra.(*Command).ExecuteC
	/Users/yuanjian/go/pkg/mod/github.com/spf13/cobra@v1.5.0/command.go:990
github.com/spf13/cobra.(*Command).Execute
	/Users/yuanjian/go/pkg/mod/github.com/spf13/cobra@v1.5.0/command.go:918
main.main
	/Users/yuanjian/Desktop/go/github.com/yuanjianUP/gohub/main.go:52
runtime.main
	/usr/local/go/src/runtime/proc.go:255
