2022-08-30 15:27:54	[35mDEBUG[0m	mysql@v1.3.4/migrator.go:235	Database Query	{"sql": "SELECT DATABASE()", "time": "0.961ms", "rows": -1}
2022-08-30 15:27:54	[35mDEBUG[0m	mysql@v1.3.4/migrator.go:238	Database Query	{"sql": "SELECT SCHEMA_NAME from Information_schema.SCHEMATA where SCHEMA_NAME LIKE 'gohub%' ORDER BY SCHEMA_NAME='gohub' DESC limit 1", "time": "20.344ms", "rows": 1}
2022-08-30 15:27:54	[35mDEBUG[0m	bootstrap/database.go:52	Database Query	{"sql": "SELECT count(*) FROM information_schema.tables WHERE table_schema = 'gohub' AND table_name = 'users' AND table_type = 'BASE TABLE'", "time": "2.643ms", "rows": -1}
2022-08-30 15:27:54	[35mDEBUG[0m	mysql@v1.3.4/migrator.go:235	Database Query	{"sql": "SELECT DATABASE()", "time": "0.252ms", "rows": -1}
2022-08-30 15:27:54	[35mDEBUG[0m	mysql@v1.3.4/migrator.go:238	Database Query	{"sql": "SELECT SCHEMA_NAME from Information_schema.SCHEMATA where SCHEMA_NAME LIKE 'gohub%' ORDER BY SCHEMA_NAME='gohub' DESC limit 1", "time": "1.168ms", "rows": 1}
2022-08-30 15:27:54	[35mDEBUG[0m	mysql@v1.3.4/migrator.go:148	Database Query	{"sql": "SELECT * FROM `users` LIMIT 1", "time": "1.010ms", "rows": -1}
2022-08-30 15:27:54	[35mDEBUG[0m	mysql@v1.3.4/migrator.go:166	Database Query	{"sql": "SELECT column_name, column_default, is_nullable = 'YES', data_type, character_maximum_length, column_type, column_key, extra, column_comment, numeric_precision, numeric_scale , datetime_precision FROM information_schema.columns WHERE table_schema = 'gohub' AND table_name = 'users' ORDER BY ORDINAL_POSITION", "time": "2.993ms", "rows": -1}
2022-08-30 15:27:54	[35mDEBUG[0m	mysql@v1.3.4/migrator.go:235	Database Query	{"sql": "SELECT DATABASE()", "time": "0.150ms", "rows": -1}
2022-08-30 15:27:54	[35mDEBUG[0m	mysql@v1.3.4/migrator.go:238	Database Query	{"sql": "SELECT SCHEMA_NAME from Information_schema.SCHEMATA where SCHEMA_NAME LIKE 'gohub%' ORDER BY SCHEMA_NAME='gohub' DESC limit 1", "time": "0.593ms", "rows": 1}
2022-08-30 15:27:54	[35mDEBUG[0m	bootstrap/database.go:52	Database Query	{"sql": "SELECT count(*) FROM information_schema.statistics WHERE table_schema = 'gohub' AND table_name = 'users' AND index_name = 'idx_users_updated_at'", "time": "1.124ms", "rows": -1}
2022-08-30 15:27:54	[35mDEBUG[0m	mysql@v1.3.4/migrator.go:235	Database Query	{"sql": "SELECT DATABASE()", "time": "0.144ms", "rows": -1}
2022-08-30 15:27:54	[35mDEBUG[0m	mysql@v1.3.4/migrator.go:238	Database Query	{"sql": "SELECT SCHEMA_NAME from Information_schema.SCHEMATA where SCHEMA_NAME LIKE 'gohub%' ORDER BY SCHEMA_NAME='gohub' DESC limit 1", "time": "0.453ms", "rows": 1}
2022-08-30 15:27:54	[35mDEBUG[0m	bootstrap/database.go:52	Database Query	{"sql": "SELECT count(*) FROM information_schema.statistics WHERE table_schema = 'gohub' AND table_name = 'users' AND index_name = 'idx_users_created_at'", "time": "0.758ms", "rows": -1}
2022-08-30 15:28:18	[35mDEBUG[0m	mysql@v1.3.4/migrator.go:235	Database Query	{"sql": "SELECT DATABASE()", "time": "0.219ms", "rows": -1}
2022-08-30 15:28:18	[35mDEBUG[0m	mysql@v1.3.4/migrator.go:238	Database Query	{"sql": "SELECT SCHEMA_NAME from Information_schema.SCHEMATA where SCHEMA_NAME LIKE 'gohub%' ORDER BY SCHEMA_NAME='gohub' DESC limit 1", "time": "1.240ms", "rows": 1}
2022-08-30 15:28:18	[35mDEBUG[0m	bootstrap/database.go:52	Database Query	{"sql": "SELECT count(*) FROM information_schema.tables WHERE table_schema = 'gohub' AND table_name = 'users' AND table_type = 'BASE TABLE'", "time": "0.969ms", "rows": -1}
2022-08-30 15:28:18	[35mDEBUG[0m	mysql@v1.3.4/migrator.go:235	Database Query	{"sql": "SELECT DATABASE()", "time": "0.179ms", "rows": -1}
2022-08-30 15:28:18	[35mDEBUG[0m	mysql@v1.3.4/migrator.go:238	Database Query	{"sql": "SELECT SCHEMA_NAME from Information_schema.SCHEMATA where SCHEMA_NAME LIKE 'gohub%' ORDER BY SCHEMA_NAME='gohub' DESC limit 1", "time": "0.488ms", "rows": 1}
2022-08-30 15:28:18	[35mDEBUG[0m	mysql@v1.3.4/migrator.go:148	Database Query	{"sql": "SELECT * FROM `users` LIMIT 1", "time": "0.155ms", "rows": -1}
2022-08-30 15:28:18	[35mDEBUG[0m	mysql@v1.3.4/migrator.go:166	Database Query	{"sql": "SELECT column_name, column_default, is_nullable = 'YES', data_type, character_maximum_length, column_type, column_key, extra, column_comment, numeric_precision, numeric_scale , datetime_precision FROM information_schema.columns WHERE table_schema = 'gohub' AND table_name = 'users' ORDER BY ORDINAL_POSITION", "time": "0.953ms", "rows": -1}
2022-08-30 15:28:18	[35mDEBUG[0m	mysql@v1.3.4/migrator.go:235	Database Query	{"sql": "SELECT DATABASE()", "time": "0.075ms", "rows": -1}
2022-08-30 15:28:18	[35mDEBUG[0m	mysql@v1.3.4/migrator.go:238	Database Query	{"sql": "SELECT SCHEMA_NAME from Information_schema.SCHEMATA where SCHEMA_NAME LIKE 'gohub%' ORDER BY SCHEMA_NAME='gohub' DESC limit 1", "time": "0.382ms", "rows": 1}
2022-08-30 15:28:18	[35mDEBUG[0m	bootstrap/database.go:52	Database Query	{"sql": "SELECT count(*) FROM information_schema.statistics WHERE table_schema = 'gohub' AND table_name = 'users' AND index_name = 'idx_users_created_at'", "time": "0.837ms", "rows": -1}
2022-08-30 15:28:18	[35mDEBUG[0m	mysql@v1.3.4/migrator.go:235	Database Query	{"sql": "SELECT DATABASE()", "time": "0.081ms", "rows": -1}
2022-08-30 15:28:18	[35mDEBUG[0m	mysql@v1.3.4/migrator.go:238	Database Query	{"sql": "SELECT SCHEMA_NAME from Information_schema.SCHEMATA where SCHEMA_NAME LIKE 'gohub%' ORDER BY SCHEMA_NAME='gohub' DESC limit 1", "time": "0.508ms", "rows": 1}
2022-08-30 15:28:18	[35mDEBUG[0m	bootstrap/database.go:52	Database Query	{"sql": "SELECT count(*) FROM information_schema.statistics WHERE table_schema = 'gohub' AND table_name = 'users' AND index_name = 'idx_users_updated_at'", "time": "0.765ms", "rows": -1}
2022-08-30 15:28:18	[31mERROR[0m	cmd/serve.go:29	CMD	{"serve": "listen tcp :3000: bind: address already in use"}
gohub/pkg/cmd.runWeb
	/Users/yuanjian/Desktop/go/github.com/yuanjianUP/gohub/pkg/cmd/serve.go:29
github.com/spf13/cobra.(*Command).execute
	/Users/yuanjian/go/pkg/mod/github.com/spf13/cobra@v1.5.0/command.go:876
github.com/spf13/cobra.(*Command).ExecuteC
	/Users/yuanjian/go/pkg/mod/github.com/spf13/cobra@v1.5.0/command.go:990
github.com/spf13/cobra.(*Command).Execute
	/Users/yuanjian/go/pkg/mod/github.com/spf13/cobra@v1.5.0/command.go:918
main.main
	/Users/yuanjian/Desktop/go/github.com/yuanjianUP/gohub/main.go:46
runtime.main
	/usr/local/go/src/runtime/proc.go:255
2022-08-30 15:29:02	[35mDEBUG[0m	mysql@v1.3.4/migrator.go:235	Database Query	{"sql": "SELECT DATABASE()", "time": "0.220ms", "rows": -1}
2022-08-30 15:29:02	[35mDEBUG[0m	mysql@v1.3.4/migrator.go:238	Database Query	{"sql": "SELECT SCHEMA_NAME from Information_schema.SCHEMATA where SCHEMA_NAME LIKE 'gohub%' ORDER BY SCHEMA_NAME='gohub' DESC limit 1", "time": "1.649ms", "rows": 1}
2022-08-30 15:29:02	[35mDEBUG[0m	bootstrap/database.go:52	Database Query	{"sql": "SELECT count(*) FROM information_schema.tables WHERE table_schema = 'gohub' AND table_name = 'users' AND table_type = 'BASE TABLE'", "time": "1.817ms", "rows": -1}
2022-08-30 15:29:02	[35mDEBUG[0m	mysql@v1.3.4/migrator.go:235	Database Query	{"sql": "SELECT DATABASE()", "time": "0.187ms", "rows": -1}
2022-08-30 15:29:02	[35mDEBUG[0m	mysql@v1.3.4/migrator.go:238	Database Query	{"sql": "SELECT SCHEMA_NAME from Information_schema.SCHEMATA where SCHEMA_NAME LIKE 'gohub%' ORDER BY SCHEMA_NAME='gohub' DESC limit 1", "time": "0.733ms", "rows": 1}
2022-08-30 15:29:02	[35mDEBUG[0m	mysql@v1.3.4/migrator.go:148	Database Query	{"sql": "SELECT * FROM `users` LIMIT 1", "time": "0.307ms", "rows": -1}
2022-08-30 15:29:02	[35mDEBUG[0m	mysql@v1.3.4/migrator.go:166	Database Query	{"sql": "SELECT column_name, column_default, is_nullable = 'YES', data_type, character_maximum_length, column_type, column_key, extra, column_comment, numeric_precision, numeric_scale , datetime_precision FROM information_schema.columns WHERE table_schema = 'gohub' AND table_name = 'users' ORDER BY ORDINAL_POSITION", "time": "1.061ms", "rows": -1}
2022-08-30 15:29:02	[35mDEBUG[0m	mysql@v1.3.4/migrator.go:235	Database Query	{"sql": "SELECT DATABASE()", "time": "0.075ms", "rows": -1}
2022-08-30 15:29:02	[35mDEBUG[0m	mysql@v1.3.4/migrator.go:238	Database Query	{"sql": "SELECT SCHEMA_NAME from Information_schema.SCHEMATA where SCHEMA_NAME LIKE 'gohub%' ORDER BY SCHEMA_NAME='gohub' DESC limit 1", "time": "0.400ms", "rows": 1}
2022-08-30 15:29:02	[35mDEBUG[0m	bootstrap/database.go:52	Database Query	{"sql": "SELECT count(*) FROM information_schema.statistics WHERE table_schema = 'gohub' AND table_name = 'users' AND index_name = 'idx_users_created_at'", "time": "0.738ms", "rows": -1}
2022-08-30 15:29:02	[35mDEBUG[0m	mysql@v1.3.4/migrator.go:235	Database Query	{"sql": "SELECT DATABASE()", "time": "0.073ms", "rows": -1}
2022-08-30 15:29:02	[35mDEBUG[0m	mysql@v1.3.4/migrator.go:238	Database Query	{"sql": "SELECT SCHEMA_NAME from Information_schema.SCHEMATA where SCHEMA_NAME LIKE 'gohub%' ORDER BY SCHEMA_NAME='gohub' DESC limit 1", "time": "0.385ms", "rows": 1}
2022-08-30 15:29:02	[35mDEBUG[0m	bootstrap/database.go:52	Database Query	{"sql": "SELECT count(*) FROM information_schema.statistics WHERE table_schema = 'gohub' AND table_name = 'users' AND index_name = 'idx_users_updated_at'", "time": "0.802ms", "rows": -1}
