2022-08-07 14:42:03	[35mDEBUG[0m	mysql@v1.3.4/migrator.go:235	Database Query	{"sql": "SELECT DATABASE()", "time": "0.814ms", "rows": -1}
2022-08-07 14:42:03	[35mDEBUG[0m	mysql@v1.3.4/migrator.go:238	Database Query	{"sql": "SELECT SCHEMA_NAME from Information_schema.SCHEMATA where SCHEMA_NAME LIKE 'gohub%' ORDER BY SCHEMA_NAME='gohub' DESC limit 1", "time": "9.299ms", "rows": 1}
2022-08-07 14:42:03	[35mDEBUG[0m	bootstrap/database.go:52	Database Query	{"sql": "SELECT count(*) FROM information_schema.tables WHERE table_schema = 'gohub' AND table_name = 'users' AND table_type = 'BASE TABLE'", "time": "4.756ms", "rows": -1}
2022-08-07 14:42:03	[35mDEBUG[0m	mysql@v1.3.4/migrator.go:235	Database Query	{"sql": "SELECT DATABASE()", "time": "0.152ms", "rows": -1}
2022-08-07 14:42:03	[35mDEBUG[0m	mysql@v1.3.4/migrator.go:238	Database Query	{"sql": "SELECT SCHEMA_NAME from Information_schema.SCHEMATA where SCHEMA_NAME LIKE 'gohub%' ORDER BY SCHEMA_NAME='gohub' DESC limit 1", "time": "0.556ms", "rows": 1}
2022-08-07 14:42:03	[35mDEBUG[0m	mysql@v1.3.4/migrator.go:148	Database Query	{"sql": "SELECT * FROM `users` LIMIT 1", "time": "0.873ms", "rows": -1}
2022-08-07 14:42:03	[35mDEBUG[0m	mysql@v1.3.4/migrator.go:166	Database Query	{"sql": "SELECT column_name, column_default, is_nullable = 'YES', data_type, character_maximum_length, column_type, column_key, extra, column_comment, numeric_precision, numeric_scale , datetime_precision FROM information_schema.columns WHERE table_schema = 'gohub' AND table_name = 'users' ORDER BY ORDINAL_POSITION", "time": "3.635ms", "rows": -1}
2022-08-07 14:42:03	[35mDEBUG[0m	mysql@v1.3.4/migrator.go:235	Database Query	{"sql": "SELECT DATABASE()", "time": "0.151ms", "rows": -1}
2022-08-07 14:42:03	[35mDEBUG[0m	mysql@v1.3.4/migrator.go:238	Database Query	{"sql": "SELECT SCHEMA_NAME from Information_schema.SCHEMATA where SCHEMA_NAME LIKE 'gohub%' ORDER BY SCHEMA_NAME='gohub' DESC limit 1", "time": "0.725ms", "rows": 1}
2022-08-07 14:42:03	[35mDEBUG[0m	bootstrap/database.go:52	Database Query	{"sql": "SELECT count(*) FROM information_schema.statistics WHERE table_schema = 'gohub' AND table_name = 'users' AND index_name = 'idx_users_created_at'", "time": "1.676ms", "rows": -1}
2022-08-07 14:42:03	[35mDEBUG[0m	mysql@v1.3.4/migrator.go:235	Database Query	{"sql": "SELECT DATABASE()", "time": "0.183ms", "rows": -1}
2022-08-07 14:42:03	[35mDEBUG[0m	mysql@v1.3.4/migrator.go:238	Database Query	{"sql": "SELECT SCHEMA_NAME from Information_schema.SCHEMATA where SCHEMA_NAME LIKE 'gohub%' ORDER BY SCHEMA_NAME='gohub' DESC limit 1", "time": "0.710ms", "rows": 1}
2022-08-07 14:42:03	[35mDEBUG[0m	bootstrap/database.go:52	Database Query	{"sql": "SELECT count(*) FROM information_schema.statistics WHERE table_schema = 'gohub' AND table_name = 'users' AND index_name = 'idx_users_updated_at'", "time": "1.478ms", "rows": -1}
2022-08-07 15:15:14	[35mDEBUG[0m	mysql@v1.3.4/migrator.go:235	Database Query	{"sql": "SELECT DATABASE()", "time": "0.586ms", "rows": -1}
2022-08-07 15:15:14	[35mDEBUG[0m	mysql@v1.3.4/migrator.go:238	Database Query	{"sql": "SELECT SCHEMA_NAME from Information_schema.SCHEMATA where SCHEMA_NAME LIKE 'gohub%' ORDER BY SCHEMA_NAME='gohub' DESC limit 1", "time": "3.526ms", "rows": 1}
2022-08-07 15:15:14	[35mDEBUG[0m	bootstrap/database.go:52	Database Query	{"sql": "SELECT count(*) FROM information_schema.tables WHERE table_schema = 'gohub' AND table_name = 'users' AND table_type = 'BASE TABLE'", "time": "1.479ms", "rows": -1}
2022-08-07 15:15:14	[35mDEBUG[0m	mysql@v1.3.4/migrator.go:235	Database Query	{"sql": "SELECT DATABASE()", "time": "0.156ms", "rows": -1}
2022-08-07 15:15:14	[35mDEBUG[0m	mysql@v1.3.4/migrator.go:238	Database Query	{"sql": "SELECT SCHEMA_NAME from Information_schema.SCHEMATA where SCHEMA_NAME LIKE 'gohub%' ORDER BY SCHEMA_NAME='gohub' DESC limit 1", "time": "0.877ms", "rows": 1}
2022-08-07 15:15:14	[35mDEBUG[0m	mysql@v1.3.4/migrator.go:148	Database Query	{"sql": "SELECT * FROM `users` LIMIT 1", "time": "0.687ms", "rows": -1}
2022-08-07 15:15:14	[35mDEBUG[0m	mysql@v1.3.4/migrator.go:166	Database Query	{"sql": "SELECT column_name, column_default, is_nullable = 'YES', data_type, character_maximum_length, column_type, column_key, extra, column_comment, numeric_precision, numeric_scale , datetime_precision FROM information_schema.columns WHERE table_schema = 'gohub' AND table_name = 'users' ORDER BY ORDINAL_POSITION", "time": "1.391ms", "rows": -1}
2022-08-07 15:15:14	[35mDEBUG[0m	mysql@v1.3.4/migrator.go:235	Database Query	{"sql": "SELECT DATABASE()", "time": "0.165ms", "rows": -1}
2022-08-07 15:15:14	[35mDEBUG[0m	mysql@v1.3.4/migrator.go:238	Database Query	{"sql": "SELECT SCHEMA_NAME from Information_schema.SCHEMATA where SCHEMA_NAME LIKE 'gohub%' ORDER BY SCHEMA_NAME='gohub' DESC limit 1", "time": "0.671ms", "rows": 1}
2022-08-07 15:15:14	[35mDEBUG[0m	bootstrap/database.go:52	Database Query	{"sql": "SELECT count(*) FROM information_schema.statistics WHERE table_schema = 'gohub' AND table_name = 'users' AND index_name = 'idx_users_created_at'", "time": "1.105ms", "rows": -1}
2022-08-07 15:15:14	[35mDEBUG[0m	mysql@v1.3.4/migrator.go:235	Database Query	{"sql": "SELECT DATABASE()", "time": "0.137ms", "rows": -1}
2022-08-07 15:15:14	[35mDEBUG[0m	mysql@v1.3.4/migrator.go:238	Database Query	{"sql": "SELECT SCHEMA_NAME from Information_schema.SCHEMATA where SCHEMA_NAME LIKE 'gohub%' ORDER BY SCHEMA_NAME='gohub' DESC limit 1", "time": "2.510ms", "rows": 1}
2022-08-07 15:15:14	[35mDEBUG[0m	bootstrap/database.go:52	Database Query	{"sql": "SELECT count(*) FROM information_schema.statistics WHERE table_schema = 'gohub' AND table_name = 'users' AND index_name = 'idx_users_updated_at'", "time": "2.507ms", "rows": -1}
2022-08-07 15:15:20	[35mDEBUG[0m	mysql@v1.3.4/migrator.go:235	Database Query	{"sql": "SELECT DATABASE()", "time": "0.479ms", "rows": -1}
2022-08-07 15:15:20	[35mDEBUG[0m	mysql@v1.3.4/migrator.go:238	Database Query	{"sql": "SELECT SCHEMA_NAME from Information_schema.SCHEMATA where SCHEMA_NAME LIKE 'gohub%' ORDER BY SCHEMA_NAME='gohub' DESC limit 1", "time": "3.086ms", "rows": 1}
2022-08-07 15:15:20	[35mDEBUG[0m	bootstrap/database.go:52	Database Query	{"sql": "SELECT count(*) FROM information_schema.tables WHERE table_schema = 'gohub' AND table_name = 'users' AND table_type = 'BASE TABLE'", "time": "1.625ms", "rows": -1}
2022-08-07 15:15:20	[35mDEBUG[0m	mysql@v1.3.4/migrator.go:235	Database Query	{"sql": "SELECT DATABASE()", "time": "0.166ms", "rows": -1}
2022-08-07 15:15:20	[35mDEBUG[0m	mysql@v1.3.4/migrator.go:238	Database Query	{"sql": "SELECT SCHEMA_NAME from Information_schema.SCHEMATA where SCHEMA_NAME LIKE 'gohub%' ORDER BY SCHEMA_NAME='gohub' DESC limit 1", "time": "0.720ms", "rows": 1}
2022-08-07 15:15:20	[35mDEBUG[0m	mysql@v1.3.4/migrator.go:148	Database Query	{"sql": "SELECT * FROM `users` LIMIT 1", "time": "0.723ms", "rows": -1}
2022-08-07 15:15:20	[35mDEBUG[0m	mysql@v1.3.4/migrator.go:166	Database Query	{"sql": "SELECT column_name, column_default, is_nullable = 'YES', data_type, character_maximum_length, column_type, column_key, extra, column_comment, numeric_precision, numeric_scale , datetime_precision FROM information_schema.columns WHERE table_schema = 'gohub' AND table_name = 'users' ORDER BY ORDINAL_POSITION", "time": "1.793ms", "rows": -1}
2022-08-07 15:15:20	[35mDEBUG[0m	mysql@v1.3.4/migrator.go:235	Database Query	{"sql": "SELECT DATABASE()", "time": "0.154ms", "rows": -1}
2022-08-07 15:15:20	[35mDEBUG[0m	mysql@v1.3.4/migrator.go:238	Database Query	{"sql": "SELECT SCHEMA_NAME from Information_schema.SCHEMATA where SCHEMA_NAME LIKE 'gohub%' ORDER BY SCHEMA_NAME='gohub' DESC limit 1", "time": "0.778ms", "rows": 1}
2022-08-07 15:15:20	[35mDEBUG[0m	bootstrap/database.go:52	Database Query	{"sql": "SELECT count(*) FROM information_schema.statistics WHERE table_schema = 'gohub' AND table_name = 'users' AND index_name = 'idx_users_created_at'", "time": "0.769ms", "rows": -1}
2022-08-07 15:15:20	[35mDEBUG[0m	mysql@v1.3.4/migrator.go:235	Database Query	{"sql": "SELECT DATABASE()", "time": "0.103ms", "rows": -1}
2022-08-07 15:15:20	[35mDEBUG[0m	mysql@v1.3.4/migrator.go:238	Database Query	{"sql": "SELECT SCHEMA_NAME from Information_schema.SCHEMATA where SCHEMA_NAME LIKE 'gohub%' ORDER BY SCHEMA_NAME='gohub' DESC limit 1", "time": "0.382ms", "rows": 1}
2022-08-07 15:15:20	[35mDEBUG[0m	bootstrap/database.go:52	Database Query	{"sql": "SELECT count(*) FROM information_schema.statistics WHERE table_schema = 'gohub' AND table_name = 'users' AND index_name = 'idx_users_updated_at'", "time": "0.737ms", "rows": -1}
2022-08-07 15:15:26	[35mDEBUG[0m	mysql@v1.3.4/migrator.go:235	Database Query	{"sql": "SELECT DATABASE()", "time": "0.493ms", "rows": -1}
2022-08-07 15:15:26	[35mDEBUG[0m	mysql@v1.3.4/migrator.go:238	Database Query	{"sql": "SELECT SCHEMA_NAME from Information_schema.SCHEMATA where SCHEMA_NAME LIKE 'gohub%' ORDER BY SCHEMA_NAME='gohub' DESC limit 1", "time": "3.100ms", "rows": 1}
2022-08-07 15:15:26	[35mDEBUG[0m	bootstrap/database.go:52	Database Query	{"sql": "SELECT count(*) FROM information_schema.tables WHERE table_schema = 'gohub' AND table_name = 'users' AND table_type = 'BASE TABLE'", "time": "1.915ms", "rows": -1}
2022-08-07 15:15:26	[35mDEBUG[0m	mysql@v1.3.4/migrator.go:235	Database Query	{"sql": "SELECT DATABASE()", "time": "0.158ms", "rows": -1}
2022-08-07 15:15:26	[35mDEBUG[0m	mysql@v1.3.4/migrator.go:238	Database Query	{"sql": "SELECT SCHEMA_NAME from Information_schema.SCHEMATA where SCHEMA_NAME LIKE 'gohub%' ORDER BY SCHEMA_NAME='gohub' DESC limit 1", "time": "0.739ms", "rows": 1}
2022-08-07 15:15:26	[35mDEBUG[0m	mysql@v1.3.4/migrator.go:148	Database Query	{"sql": "SELECT * FROM `users` LIMIT 1", "time": "0.624ms", "rows": -1}
2022-08-07 15:15:26	[35mDEBUG[0m	mysql@v1.3.4/migrator.go:166	Database Query	{"sql": "SELECT column_name, column_default, is_nullable = 'YES', data_type, character_maximum_length, column_type, column_key, extra, column_comment, numeric_precision, numeric_scale , datetime_precision FROM information_schema.columns WHERE table_schema = 'gohub' AND table_name = 'users' ORDER BY ORDINAL_POSITION", "time": "1.351ms", "rows": -1}
2022-08-07 15:15:26	[35mDEBUG[0m	mysql@v1.3.4/migrator.go:235	Database Query	{"sql": "SELECT DATABASE()", "time": "0.174ms", "rows": -1}
2022-08-07 15:15:26	[35mDEBUG[0m	mysql@v1.3.4/migrator.go:238	Database Query	{"sql": "SELECT SCHEMA_NAME from Information_schema.SCHEMATA where SCHEMA_NAME LIKE 'gohub%' ORDER BY SCHEMA_NAME='gohub' DESC limit 1", "time": "0.723ms", "rows": 1}
2022-08-07 15:15:26	[35mDEBUG[0m	bootstrap/database.go:52	Database Query	{"sql": "SELECT count(*) FROM information_schema.statistics WHERE table_schema = 'gohub' AND table_name = 'users' AND index_name = 'idx_users_created_at'", "time": "1.087ms", "rows": -1}
2022-08-07 15:15:26	[35mDEBUG[0m	mysql@v1.3.4/migrator.go:235	Database Query	{"sql": "SELECT DATABASE()", "time": "0.162ms", "rows": -1}
2022-08-07 15:15:26	[35mDEBUG[0m	mysql@v1.3.4/migrator.go:238	Database Query	{"sql": "SELECT SCHEMA_NAME from Information_schema.SCHEMATA where SCHEMA_NAME LIKE 'gohub%' ORDER BY SCHEMA_NAME='gohub' DESC limit 1", "time": "0.745ms", "rows": 1}
2022-08-07 15:15:26	[35mDEBUG[0m	bootstrap/database.go:52	Database Query	{"sql": "SELECT count(*) FROM information_schema.statistics WHERE table_schema = 'gohub' AND table_name = 'users' AND index_name = 'idx_users_updated_at'", "time": "1.328ms", "rows": -1}
2022-08-07 15:15:43	[35mDEBUG[0m	mysql@v1.3.4/migrator.go:235	Database Query	{"sql": "SELECT DATABASE()", "time": "0.501ms", "rows": -1}
2022-08-07 15:15:43	[35mDEBUG[0m	mysql@v1.3.4/migrator.go:238	Database Query	{"sql": "SELECT SCHEMA_NAME from Information_schema.SCHEMATA where SCHEMA_NAME LIKE 'gohub%' ORDER BY SCHEMA_NAME='gohub' DESC limit 1", "time": "4.293ms", "rows": 1}
2022-08-07 15:15:43	[35mDEBUG[0m	bootstrap/database.go:52	Database Query	{"sql": "SELECT count(*) FROM information_schema.tables WHERE table_schema = 'gohub' AND table_name = 'users' AND table_type = 'BASE TABLE'", "time": "2.261ms", "rows": -1}
2022-08-07 15:15:43	[35mDEBUG[0m	mysql@v1.3.4/migrator.go:235	Database Query	{"sql": "SELECT DATABASE()", "time": "0.086ms", "rows": -1}
2022-08-07 15:15:43	[35mDEBUG[0m	mysql@v1.3.4/migrator.go:238	Database Query	{"sql": "SELECT SCHEMA_NAME from Information_schema.SCHEMATA where SCHEMA_NAME LIKE 'gohub%' ORDER BY SCHEMA_NAME='gohub' DESC limit 1", "time": "0.620ms", "rows": 1}
2022-08-07 15:15:43	[35mDEBUG[0m	mysql@v1.3.4/migrator.go:148	Database Query	{"sql": "SELECT * FROM `users` LIMIT 1", "time": "0.833ms", "rows": -1}
2022-08-07 15:15:43	[35mDEBUG[0m	mysql@v1.3.4/migrator.go:166	Database Query	{"sql": "SELECT column_name, column_default, is_nullable = 'YES', data_type, character_maximum_length, column_type, column_key, extra, column_comment, numeric_precision, numeric_scale , datetime_precision FROM information_schema.columns WHERE table_schema = 'gohub' AND table_name = 'users' ORDER BY ORDINAL_POSITION", "time": "2.235ms", "rows": -1}
2022-08-07 15:15:43	[35mDEBUG[0m	mysql@v1.3.4/migrator.go:235	Database Query	{"sql": "SELECT DATABASE()", "time": "0.087ms", "rows": -1}
2022-08-07 15:15:43	[35mDEBUG[0m	mysql@v1.3.4/migrator.go:238	Database Query	{"sql": "SELECT SCHEMA_NAME from Information_schema.SCHEMATA where SCHEMA_NAME LIKE 'gohub%' ORDER BY SCHEMA_NAME='gohub' DESC limit 1", "time": "0.374ms", "rows": 1}
2022-08-07 15:15:43	[35mDEBUG[0m	bootstrap/database.go:52	Database Query	{"sql": "SELECT count(*) FROM information_schema.statistics WHERE table_schema = 'gohub' AND table_name = 'users' AND index_name = 'idx_users_created_at'", "time": "0.938ms", "rows": -1}
2022-08-07 15:15:43	[35mDEBUG[0m	mysql@v1.3.4/migrator.go:235	Database Query	{"sql": "SELECT DATABASE()", "time": "0.097ms", "rows": -1}
2022-08-07 15:15:43	[35mDEBUG[0m	mysql@v1.3.4/migrator.go:238	Database Query	{"sql": "SELECT SCHEMA_NAME from Information_schema.SCHEMATA where SCHEMA_NAME LIKE 'gohub%' ORDER BY SCHEMA_NAME='gohub' DESC limit 1", "time": "1.525ms", "rows": 1}
2022-08-07 15:15:43	[35mDEBUG[0m	bootstrap/database.go:52	Database Query	{"sql": "SELECT count(*) FROM information_schema.statistics WHERE table_schema = 'gohub' AND table_name = 'users' AND index_name = 'idx_users_updated_at'", "time": "0.780ms", "rows": -1}
2022-08-07 15:16:38	[35mDEBUG[0m	mysql@v1.3.4/migrator.go:235	Database Query	{"sql": "SELECT DATABASE()", "time": "0.486ms", "rows": -1}
2022-08-07 15:16:38	[35mDEBUG[0m	mysql@v1.3.4/migrator.go:238	Database Query	{"sql": "SELECT SCHEMA_NAME from Information_schema.SCHEMATA where SCHEMA_NAME LIKE 'gohub%' ORDER BY SCHEMA_NAME='gohub' DESC limit 1", "time": "3.007ms", "rows": 1}
2022-08-07 15:16:38	[35mDEBUG[0m	bootstrap/database.go:52	Database Query	{"sql": "SELECT count(*) FROM information_schema.tables WHERE table_schema = 'gohub' AND table_name = 'users' AND table_type = 'BASE TABLE'", "time": "1.212ms", "rows": -1}
2022-08-07 15:16:38	[35mDEBUG[0m	mysql@v1.3.4/migrator.go:235	Database Query	{"sql": "SELECT DATABASE()", "time": "0.149ms", "rows": -1}
2022-08-07 15:16:38	[35mDEBUG[0m	mysql@v1.3.4/migrator.go:238	Database Query	{"sql": "SELECT SCHEMA_NAME from Information_schema.SCHEMATA where SCHEMA_NAME LIKE 'gohub%' ORDER BY SCHEMA_NAME='gohub' DESC limit 1", "time": "0.559ms", "rows": 1}
2022-08-07 15:16:38	[35mDEBUG[0m	mysql@v1.3.4/migrator.go:148	Database Query	{"sql": "SELECT * FROM `users` LIMIT 1", "time": "0.662ms", "rows": -1}
2022-08-07 15:16:38	[35mDEBUG[0m	mysql@v1.3.4/migrator.go:166	Database Query	{"sql": "SELECT column_name, column_default, is_nullable = 'YES', data_type, character_maximum_length, column_type, column_key, extra, column_comment, numeric_precision, numeric_scale , datetime_precision FROM information_schema.columns WHERE table_schema = 'gohub' AND table_name = 'users' ORDER BY ORDINAL_POSITION", "time": "1.367ms", "rows": -1}
2022-08-07 15:16:38	[35mDEBUG[0m	mysql@v1.3.4/migrator.go:235	Database Query	{"sql": "SELECT DATABASE()", "time": "0.183ms", "rows": -1}
2022-08-07 15:16:38	[35mDEBUG[0m	mysql@v1.3.4/migrator.go:238	Database Query	{"sql": "SELECT SCHEMA_NAME from Information_schema.SCHEMATA where SCHEMA_NAME LIKE 'gohub%' ORDER BY SCHEMA_NAME='gohub' DESC limit 1", "time": "0.587ms", "rows": 1}
2022-08-07 15:16:38	[35mDEBUG[0m	bootstrap/database.go:52	Database Query	{"sql": "SELECT count(*) FROM information_schema.statistics WHERE table_schema = 'gohub' AND table_name = 'users' AND index_name = 'idx_users_created_at'", "time": "0.825ms", "rows": -1}
2022-08-07 15:16:38	[35mDEBUG[0m	mysql@v1.3.4/migrator.go:235	Database Query	{"sql": "SELECT DATABASE()", "time": "0.082ms", "rows": -1}
2022-08-07 15:16:38	[35mDEBUG[0m	mysql@v1.3.4/migrator.go:238	Database Query	{"sql": "SELECT SCHEMA_NAME from Information_schema.SCHEMATA where SCHEMA_NAME LIKE 'gohub%' ORDER BY SCHEMA_NAME='gohub' DESC limit 1", "time": "0.396ms", "rows": 1}
2022-08-07 15:16:38	[35mDEBUG[0m	bootstrap/database.go:52	Database Query	{"sql": "SELECT count(*) FROM information_schema.statistics WHERE table_schema = 'gohub' AND table_name = 'users' AND index_name = 'idx_users_updated_at'", "time": "0.656ms", "rows": -1}
2022-08-07 15:17:29	[35mDEBUG[0m	mysql@v1.3.4/migrator.go:235	Database Query	{"sql": "SELECT DATABASE()", "time": "0.492ms", "rows": -1}
2022-08-07 15:17:29	[35mDEBUG[0m	mysql@v1.3.4/migrator.go:238	Database Query	{"sql": "SELECT SCHEMA_NAME from Information_schema.SCHEMATA where SCHEMA_NAME LIKE 'gohub%' ORDER BY SCHEMA_NAME='gohub' DESC limit 1", "time": "3.554ms", "rows": 1}
2022-08-07 15:17:29	[35mDEBUG[0m	bootstrap/database.go:52	Database Query	{"sql": "SELECT count(*) FROM information_schema.tables WHERE table_schema = 'gohub' AND table_name = 'users' AND table_type = 'BASE TABLE'", "time": "1.768ms", "rows": -1}
2022-08-07 15:17:29	[35mDEBUG[0m	mysql@v1.3.4/migrator.go:235	Database Query	{"sql": "SELECT DATABASE()", "time": "0.157ms", "rows": -1}
2022-08-07 15:17:29	[35mDEBUG[0m	mysql@v1.3.4/migrator.go:238	Database Query	{"sql": "SELECT SCHEMA_NAME from Information_schema.SCHEMATA where SCHEMA_NAME LIKE 'gohub%' ORDER BY SCHEMA_NAME='gohub' DESC limit 1", "time": "0.734ms", "rows": 1}
2022-08-07 15:17:29	[35mDEBUG[0m	mysql@v1.3.4/migrator.go:148	Database Query	{"sql": "SELECT * FROM `users` LIMIT 1", "time": "0.755ms", "rows": -1}
2022-08-07 15:17:29	[35mDEBUG[0m	mysql@v1.3.4/migrator.go:166	Database Query	{"sql": "SELECT column_name, column_default, is_nullable = 'YES', data_type, character_maximum_length, column_type, column_key, extra, column_comment, numeric_precision, numeric_scale , datetime_precision FROM information_schema.columns WHERE table_schema = 'gohub' AND table_name = 'users' ORDER BY ORDINAL_POSITION", "time": "1.880ms", "rows": -1}
2022-08-07 15:17:29	[35mDEBUG[0m	mysql@v1.3.4/migrator.go:235	Database Query	{"sql": "SELECT DATABASE()", "time": "0.164ms", "rows": -1}
2022-08-07 15:17:29	[35mDEBUG[0m	mysql@v1.3.4/migrator.go:238	Database Query	{"sql": "SELECT SCHEMA_NAME from Information_schema.SCHEMATA where SCHEMA_NAME LIKE 'gohub%' ORDER BY SCHEMA_NAME='gohub' DESC limit 1", "time": "0.918ms", "rows": 1}
2022-08-07 15:17:29	[35mDEBUG[0m	bootstrap/database.go:52	Database Query	{"sql": "SELECT count(*) FROM information_schema.statistics WHERE table_schema = 'gohub' AND table_name = 'users' AND index_name = 'idx_users_created_at'", "time": "0.760ms", "rows": -1}
2022-08-07 15:17:29	[35mDEBUG[0m	mysql@v1.3.4/migrator.go:235	Database Query	{"sql": "SELECT DATABASE()", "time": "0.106ms", "rows": -1}
2022-08-07 15:17:29	[35mDEBUG[0m	mysql@v1.3.4/migrator.go:238	Database Query	{"sql": "SELECT SCHEMA_NAME from Information_schema.SCHEMATA where SCHEMA_NAME LIKE 'gohub%' ORDER BY SCHEMA_NAME='gohub' DESC limit 1", "time": "0.354ms", "rows": 1}
2022-08-07 15:17:29	[35mDEBUG[0m	bootstrap/database.go:52	Database Query	{"sql": "SELECT count(*) FROM information_schema.statistics WHERE table_schema = 'gohub' AND table_name = 'users' AND index_name = 'idx_users_updated_at'", "time": "0.696ms", "rows": -1}
2022-08-07 15:21:39	[35mDEBUG[0m	mysql@v1.3.4/migrator.go:235	Database Query	{"sql": "SELECT DATABASE()", "time": "0.515ms", "rows": -1}
2022-08-07 15:21:39	[35mDEBUG[0m	mysql@v1.3.4/migrator.go:238	Database Query	{"sql": "SELECT SCHEMA_NAME from Information_schema.SCHEMATA where SCHEMA_NAME LIKE 'gohub%' ORDER BY SCHEMA_NAME='gohub' DESC limit 1", "time": "3.148ms", "rows": 1}
2022-08-07 15:21:39	[35mDEBUG[0m	bootstrap/database.go:52	Database Query	{"sql": "SELECT count(*) FROM information_schema.tables WHERE table_schema = 'gohub' AND table_name = 'users' AND table_type = 'BASE TABLE'", "time": "1.067ms", "rows": -1}
2022-08-07 15:21:39	[35mDEBUG[0m	mysql@v1.3.4/migrator.go:235	Database Query	{"sql": "SELECT DATABASE()", "time": "0.093ms", "rows": -1}
2022-08-07 15:21:39	[35mDEBUG[0m	mysql@v1.3.4/migrator.go:238	Database Query	{"sql": "SELECT SCHEMA_NAME from Information_schema.SCHEMATA where SCHEMA_NAME LIKE 'gohub%' ORDER BY SCHEMA_NAME='gohub' DESC limit 1", "time": "0.499ms", "rows": 1}
2022-08-07 15:21:39	[35mDEBUG[0m	mysql@v1.3.4/migrator.go:148	Database Query	{"sql": "SELECT * FROM `users` LIMIT 1", "time": "0.644ms", "rows": -1}
2022-08-07 15:21:39	[35mDEBUG[0m	mysql@v1.3.4/migrator.go:166	Database Query	{"sql": "SELECT column_name, column_default, is_nullable = 'YES', data_type, character_maximum_length, column_type, column_key, extra, column_comment, numeric_precision, numeric_scale , datetime_precision FROM information_schema.columns WHERE table_schema = 'gohub' AND table_name = 'users' ORDER BY ORDINAL_POSITION", "time": "1.207ms", "rows": -1}
2022-08-07 15:21:39	[35mDEBUG[0m	mysql@v1.3.4/migrator.go:235	Database Query	{"sql": "SELECT DATABASE()", "time": "0.086ms", "rows": -1}
2022-08-07 15:21:39	[35mDEBUG[0m	mysql@v1.3.4/migrator.go:238	Database Query	{"sql": "SELECT SCHEMA_NAME from Information_schema.SCHEMATA where SCHEMA_NAME LIKE 'gohub%' ORDER BY SCHEMA_NAME='gohub' DESC limit 1", "time": "0.425ms", "rows": 1}
2022-08-07 15:21:39	[35mDEBUG[0m	bootstrap/database.go:52	Database Query	{"sql": "SELECT count(*) FROM information_schema.statistics WHERE table_schema = 'gohub' AND table_name = 'users' AND index_name = 'idx_users_updated_at'", "time": "0.799ms", "rows": -1}
2022-08-07 15:21:39	[35mDEBUG[0m	mysql@v1.3.4/migrator.go:235	Database Query	{"sql": "SELECT DATABASE()", "time": "0.142ms", "rows": -1}
2022-08-07 15:21:39	[35mDEBUG[0m	mysql@v1.3.4/migrator.go:238	Database Query	{"sql": "SELECT SCHEMA_NAME from Information_schema.SCHEMATA where SCHEMA_NAME LIKE 'gohub%' ORDER BY SCHEMA_NAME='gohub' DESC limit 1", "time": "0.431ms", "rows": 1}
2022-08-07 15:21:39	[35mDEBUG[0m	bootstrap/database.go:52	Database Query	{"sql": "SELECT count(*) FROM information_schema.statistics WHERE table_schema = 'gohub' AND table_name = 'users' AND index_name = 'idx_users_created_at'", "time": "0.726ms", "rows": -1}
2022-08-07 15:21:43	[35mDEBUG[0m	mysql@v1.3.4/migrator.go:235	Database Query	{"sql": "SELECT DATABASE()", "time": "0.490ms", "rows": -1}
2022-08-07 15:21:43	[35mDEBUG[0m	mysql@v1.3.4/migrator.go:238	Database Query	{"sql": "SELECT SCHEMA_NAME from Information_schema.SCHEMATA where SCHEMA_NAME LIKE 'gohub%' ORDER BY SCHEMA_NAME='gohub' DESC limit 1", "time": "2.805ms", "rows": 1}
2022-08-07 15:21:43	[35mDEBUG[0m	bootstrap/database.go:52	Database Query	{"sql": "SELECT count(*) FROM information_schema.tables WHERE table_schema = 'gohub' AND table_name = 'users' AND table_type = 'BASE TABLE'", "time": "1.766ms", "rows": -1}
2022-08-07 15:21:43	[35mDEBUG[0m	mysql@v1.3.4/migrator.go:235	Database Query	{"sql": "SELECT DATABASE()", "time": "0.169ms", "rows": -1}
2022-08-07 15:21:43	[35mDEBUG[0m	mysql@v1.3.4/migrator.go:238	Database Query	{"sql": "SELECT SCHEMA_NAME from Information_schema.SCHEMATA where SCHEMA_NAME LIKE 'gohub%' ORDER BY SCHEMA_NAME='gohub' DESC limit 1", "time": "0.740ms", "rows": 1}
2022-08-07 15:21:43	[35mDEBUG[0m	mysql@v1.3.4/migrator.go:148	Database Query	{"sql": "SELECT * FROM `users` LIMIT 1", "time": "0.774ms", "rows": -1}
2022-08-07 15:21:43	[35mDEBUG[0m	mysql@v1.3.4/migrator.go:166	Database Query	{"sql": "SELECT column_name, column_default, is_nullable = 'YES', data_type, character_maximum_length, column_type, column_key, extra, column_comment, numeric_precision, numeric_scale , datetime_precision FROM information_schema.columns WHERE table_schema = 'gohub' AND table_name = 'users' ORDER BY ORDINAL_POSITION", "time": "1.864ms", "rows": -1}
2022-08-07 15:21:43	[35mDEBUG[0m	mysql@v1.3.4/migrator.go:235	Database Query	{"sql": "SELECT DATABASE()", "time": "0.164ms", "rows": -1}
2022-08-07 15:21:43	[35mDEBUG[0m	mysql@v1.3.4/migrator.go:238	Database Query	{"sql": "SELECT SCHEMA_NAME from Information_schema.SCHEMATA where SCHEMA_NAME LIKE 'gohub%' ORDER BY SCHEMA_NAME='gohub' DESC limit 1", "time": "0.547ms", "rows": 1}
2022-08-07 15:21:43	[35mDEBUG[0m	bootstrap/database.go:52	Database Query	{"sql": "SELECT count(*) FROM information_schema.statistics WHERE table_schema = 'gohub' AND table_name = 'users' AND index_name = 'idx_users_created_at'", "time": "0.808ms", "rows": -1}
2022-08-07 15:21:43	[35mDEBUG[0m	mysql@v1.3.4/migrator.go:235	Database Query	{"sql": "SELECT DATABASE()", "time": "0.128ms", "rows": -1}
2022-08-07 15:21:43	[35mDEBUG[0m	mysql@v1.3.4/migrator.go:238	Database Query	{"sql": "SELECT SCHEMA_NAME from Information_schema.SCHEMATA where SCHEMA_NAME LIKE 'gohub%' ORDER BY SCHEMA_NAME='gohub' DESC limit 1", "time": "0.673ms", "rows": 1}
2022-08-07 15:21:43	[35mDEBUG[0m	bootstrap/database.go:52	Database Query	{"sql": "SELECT count(*) FROM information_schema.statistics WHERE table_schema = 'gohub' AND table_name = 'users' AND index_name = 'idx_users_updated_at'", "time": "0.767ms", "rows": -1}
2022-08-07 15:21:48	[35mDEBUG[0m	mysql@v1.3.4/migrator.go:235	Database Query	{"sql": "SELECT DATABASE()", "time": "0.497ms", "rows": -1}
2022-08-07 15:21:48	[35mDEBUG[0m	mysql@v1.3.4/migrator.go:238	Database Query	{"sql": "SELECT SCHEMA_NAME from Information_schema.SCHEMATA where SCHEMA_NAME LIKE 'gohub%' ORDER BY SCHEMA_NAME='gohub' DESC limit 1", "time": "2.917ms", "rows": 1}
2022-08-07 15:21:48	[35mDEBUG[0m	bootstrap/database.go:52	Database Query	{"sql": "SELECT count(*) FROM information_schema.tables WHERE table_schema = 'gohub' AND table_name = 'users' AND table_type = 'BASE TABLE'", "time": "1.267ms", "rows": -1}
2022-08-07 15:21:48	[35mDEBUG[0m	mysql@v1.3.4/migrator.go:235	Database Query	{"sql": "SELECT DATABASE()", "time": "0.098ms", "rows": -1}
2022-08-07 15:21:48	[35mDEBUG[0m	mysql@v1.3.4/migrator.go:238	Database Query	{"sql": "SELECT SCHEMA_NAME from Information_schema.SCHEMATA where SCHEMA_NAME LIKE 'gohub%' ORDER BY SCHEMA_NAME='gohub' DESC limit 1", "time": "0.421ms", "rows": 1}
2022-08-07 15:21:48	[35mDEBUG[0m	mysql@v1.3.4/migrator.go:148	Database Query	{"sql": "SELECT * FROM `users` LIMIT 1", "time": "0.750ms", "rows": -1}
2022-08-07 15:21:48	[35mDEBUG[0m	mysql@v1.3.4/migrator.go:166	Database Query	{"sql": "SELECT column_name, column_default, is_nullable = 'YES', data_type, character_maximum_length, column_type, column_key, extra, column_comment, numeric_precision, numeric_scale , datetime_precision FROM information_schema.columns WHERE table_schema = 'gohub' AND table_name = 'users' ORDER BY ORDINAL_POSITION", "time": "1.955ms", "rows": -1}
2022-08-07 15:21:48	[35mDEBUG[0m	mysql@v1.3.4/migrator.go:235	Database Query	{"sql": "SELECT DATABASE()", "time": "0.152ms", "rows": -1}
2022-08-07 15:21:48	[35mDEBUG[0m	mysql@v1.3.4/migrator.go:238	Database Query	{"sql": "SELECT SCHEMA_NAME from Information_schema.SCHEMATA where SCHEMA_NAME LIKE 'gohub%' ORDER BY SCHEMA_NAME='gohub' DESC limit 1", "time": "0.719ms", "rows": 1}
2022-08-07 15:21:48	[35mDEBUG[0m	bootstrap/database.go:52	Database Query	{"sql": "SELECT count(*) FROM information_schema.statistics WHERE table_schema = 'gohub' AND table_name = 'users' AND index_name = 'idx_users_updated_at'", "time": "1.545ms", "rows": -1}
2022-08-07 15:21:48	[35mDEBUG[0m	mysql@v1.3.4/migrator.go:235	Database Query	{"sql": "SELECT DATABASE()", "time": "0.121ms", "rows": -1}
2022-08-07 15:21:48	[35mDEBUG[0m	mysql@v1.3.4/migrator.go:238	Database Query	{"sql": "SELECT SCHEMA_NAME from Information_schema.SCHEMATA where SCHEMA_NAME LIKE 'gohub%' ORDER BY SCHEMA_NAME='gohub' DESC limit 1", "time": "0.370ms", "rows": 1}
2022-08-07 15:21:48	[35mDEBUG[0m	bootstrap/database.go:52	Database Query	{"sql": "SELECT count(*) FROM information_schema.statistics WHERE table_schema = 'gohub' AND table_name = 'users' AND index_name = 'idx_users_created_at'", "time": "1.284ms", "rows": -1}
2022-08-07 15:21:52	[35mDEBUG[0m	mysql@v1.3.4/migrator.go:235	Database Query	{"sql": "SELECT DATABASE()", "time": "0.567ms", "rows": -1}
2022-08-07 15:21:52	[35mDEBUG[0m	mysql@v1.3.4/migrator.go:238	Database Query	{"sql": "SELECT SCHEMA_NAME from Information_schema.SCHEMATA where SCHEMA_NAME LIKE 'gohub%' ORDER BY SCHEMA_NAME='gohub' DESC limit 1", "time": "3.322ms", "rows": 1}
2022-08-07 15:21:52	[35mDEBUG[0m	bootstrap/database.go:52	Database Query	{"sql": "SELECT count(*) FROM information_schema.tables WHERE table_schema = 'gohub' AND table_name = 'users' AND table_type = 'BASE TABLE'", "time": "1.010ms", "rows": -1}
2022-08-07 15:21:52	[35mDEBUG[0m	mysql@v1.3.4/migrator.go:235	Database Query	{"sql": "SELECT DATABASE()", "time": "0.171ms", "rows": -1}
2022-08-07 15:21:52	[35mDEBUG[0m	mysql@v1.3.4/migrator.go:238	Database Query	{"sql": "SELECT SCHEMA_NAME from Information_schema.SCHEMATA where SCHEMA_NAME LIKE 'gohub%' ORDER BY SCHEMA_NAME='gohub' DESC limit 1", "time": "0.736ms", "rows": 1}
2022-08-07 15:21:52	[35mDEBUG[0m	mysql@v1.3.4/migrator.go:148	Database Query	{"sql": "SELECT * FROM `users` LIMIT 1", "time": "0.647ms", "rows": -1}
2022-08-07 15:21:52	[35mDEBUG[0m	mysql@v1.3.4/migrator.go:166	Database Query	{"sql": "SELECT column_name, column_default, is_nullable = 'YES', data_type, character_maximum_length, column_type, column_key, extra, column_comment, numeric_precision, numeric_scale , datetime_precision FROM information_schema.columns WHERE table_schema = 'gohub' AND table_name = 'users' ORDER BY ORDINAL_POSITION", "time": "1.079ms", "rows": -1}
2022-08-07 15:21:52	[35mDEBUG[0m	mysql@v1.3.4/migrator.go:235	Database Query	{"sql": "SELECT DATABASE()", "time": "0.163ms", "rows": -1}
2022-08-07 15:21:52	[35mDEBUG[0m	mysql@v1.3.4/migrator.go:238	Database Query	{"sql": "SELECT SCHEMA_NAME from Information_schema.SCHEMATA where SCHEMA_NAME LIKE 'gohub%' ORDER BY SCHEMA_NAME='gohub' DESC limit 1", "time": "0.754ms", "rows": 1}
2022-08-07 15:21:52	[35mDEBUG[0m	bootstrap/database.go:52	Database Query	{"sql": "SELECT count(*) FROM information_schema.statistics WHERE table_schema = 'gohub' AND table_name = 'users' AND index_name = 'idx_users_created_at'", "time": "1.584ms", "rows": -1}
2022-08-07 15:21:52	[35mDEBUG[0m	mysql@v1.3.4/migrator.go:235	Database Query	{"sql": "SELECT DATABASE()", "time": "0.209ms", "rows": -1}
2022-08-07 15:21:52	[35mDEBUG[0m	mysql@v1.3.4/migrator.go:238	Database Query	{"sql": "SELECT SCHEMA_NAME from Information_schema.SCHEMATA where SCHEMA_NAME LIKE 'gohub%' ORDER BY SCHEMA_NAME='gohub' DESC limit 1", "time": "1.434ms", "rows": 1}
2022-08-07 15:21:52	[35mDEBUG[0m	bootstrap/database.go:52	Database Query	{"sql": "SELECT count(*) FROM information_schema.statistics WHERE table_schema = 'gohub' AND table_name = 'users' AND index_name = 'idx_users_updated_at'", "time": "0.779ms", "rows": -1}
